<?xml version="1.0" encoding="UTF-8"?>
<coverage generated="1339745096">
	<project timestamp="1339745096">
		<file name="/Applications/MAMP/htdocs/Celsius/cerberus/class/class.meta.php">
			<class name="meta" namespace="global" fullPackage="Cerberus" package="Cerberus">
				<metrics methods="6" coveredmethods="2" conditionals="0" coveredconditionals="0" statements="75" coveredstatements="12" elements="81" coveredelements="14"/>
			</class>
			<line num="38" type="method" name="build" crap="89.16" count="1"/>
			<line num="41" type="stmt" count="1"/>
			<line num="44" type="stmt" count="1"/>
			<line num="45" type="stmt" count="1"/>
			<line num="46" type="stmt" count="1"/>
			<line num="49" type="stmt" count="1"/>
			<line num="52" type="stmt" count="0"/>
			<line num="53" type="stmt" count="0"/>
			<line num="54" type="stmt" count="0"/>
			<line num="55" type="stmt" count="0"/>
			<line num="56" type="stmt" count="0"/>
			<line num="59" type="stmt" count="0"/>
			<line num="60" type="stmt" count="0"/>
			<line num="61" type="stmt" count="0"/>
			<line num="62" type="stmt" count="0"/>
			<line num="63" type="stmt" count="0"/>
			<line num="64" type="stmt" count="0"/>
			<line num="67" type="stmt" count="0"/>
			<line num="69" type="stmt" count="0"/>
			<line num="72" type="stmt" count="0"/>
			<line num="74" type="stmt" count="0"/>
			<line num="77" type="stmt" count="0"/>
			<line num="80" type="stmt" count="0"/>
			<line num="81" type="stmt" count="0"/>
			<line num="83" type="stmt" count="0"/>
			<line num="84" type="stmt" count="0"/>
			<line num="85" type="stmt" count="0"/>
			<line num="86" type="stmt" count="0"/>
			<line num="87" type="stmt" count="0"/>
			<line num="90" type="stmt" count="1"/>
			<line num="91" type="stmt" count="1"/>
			<line num="103" type="method" name="set" crap="2" count="0"/>
			<line num="105" type="stmt" count="0"/>
			<line num="106" type="stmt" count="0"/>
			<line num="114" type="method" name="get" crap="90" count="0"/>
			<line num="117" type="stmt" count="0"/>
			<line num="120" type="stmt" count="0"/>
			<line num="123" type="stmt" count="0"/>
			<line num="124" type="stmt" count="0"/>
			<line num="126" type="stmt" count="0"/>
			<line num="129" type="stmt" count="0"/>
			<line num="131" type="stmt" count="0"/>
			<line num="132" type="stmt" count="0"/>
			<line num="133" type="stmt" count="0"/>
			<line num="135" type="stmt" count="0"/>
			<line num="136" type="stmt" count="0"/>
			<line num="138" type="stmt" count="0"/>
			<line num="139" type="stmt" count="0"/>
			<line num="140" type="stmt" count="0"/>
			<line num="150" type="method" name="page" crap="6.84" count="1"/>
			<line num="153" type="stmt" count="1"/>
			<line num="156" type="stmt" count="1"/>
			<line num="159" type="stmt" count="1"/>
			<line num="160" type="stmt" count="1"/>
			<line num="161" type="stmt" count="0"/>
			<line num="162" type="stmt" count="0"/>
			<line num="164" type="stmt" count="1"/>
			<line num="173" type="method" name="keywords" crap="2" count="0"/>
			<line num="176" type="stmt" count="0"/>
			<line num="179" type="stmt" count="0"/>
			<line num="182" type="stmt" count="0"/>
			<line num="183" type="stmt" count="0"/>
			<line num="186" type="stmt" count="0"/>
			<line num="188" type="stmt" count="0"/>
			<line num="198" type="method" name="head" crap="90" count="0"/>
			<line num="201" type="stmt" count="0"/>
			<line num="204" type="stmt" count="0"/>
			<line num="205" type="stmt" count="0"/>
			<line num="206" type="stmt" count="0"/>
			<line num="207" type="stmt" count="0"/>
			<line num="208" type="stmt" count="0"/>
			<line num="209" type="stmt" count="0"/>
			<line num="210" type="stmt" count="0"/>
			<line num="213" type="stmt" count="0"/>
			<line num="215" type="stmt" count="0"/>
			<line num="218" type="stmt" count="0"/>
			<line num="221" type="stmt" count="0"/>
			<line num="222" type="stmt" count="0"/>
			<line num="223" type="stmt" count="0"/>
			<line num="226" type="stmt" count="0"/>
			<line num="227" type="stmt" count="0"/>
			<line num="229" type="stmt" count="1"/>
			<metrics loc="228" ncloc="100" classes="1" methods="6" coveredmethods="0" conditionals="0" coveredconditionals="0" statements="75" coveredstatements="12" elements="81" coveredelements="12"/>
		</file>
		<file name="/Applications/MAMP/htdocs/Celsius/cerberus/class/class.navigation.php">
			<class name="navigation" namespace="global" fullPackage="Cerberus" package="Cerberus">
				<metrics methods="19" coveredmethods="2" conditionals="0" coveredconditionals="0" statements="224" coveredstatements="4" elements="243" coveredelements="6"/>
			</class>
			<line num="105" type="method" name="__construct" crap="56" count="0"/>
			<line num="111" type="stmt" count="0"/>
			<line num="112" type="stmt" count="0"/>
			<line num="115" type="stmt" count="0"/>
			<line num="116" type="stmt" count="0"/>
			<line num="118" type="stmt" count="0"/>
			<line num="119" type="stmt" count="0"/>
			<line num="125" type="stmt" count="0"/>
			<line num="126" type="stmt" count="0"/>
			<line num="129" type="stmt" count="0"/>
			<line num="133" type="stmt" count="0"/>
			<line num="134" type="stmt" count="0"/>
			<line num="139" type="stmt" count="0"/>
			<line num="142" type="stmt" count="0"/>
			<line num="144" type="stmt" count="0"/>
			<line num="149" type="method" name="whatPage" crap="72" count="0"/>
			<line num="152" type="stmt" count="0"/>
			<line num="155" type="stmt" count="0"/>
			<line num="158" type="stmt" count="0"/>
			<line num="161" type="stmt" count="0"/>
			<line num="163" type="stmt" count="0"/>
			<line num="164" type="stmt" count="0"/>
			<line num="165" type="stmt" count="0"/>
			<line num="166" type="stmt" count="0"/>
			<line num="169" type="stmt" count="0"/>
			<line num="170" type="stmt" count="0"/>
			<line num="173" type="stmt" count="0"/>
			<line num="174" type="stmt" count="0"/>
			<line num="175" type="stmt" count="0"/>
			<line num="184" type="method" name="content" crap="56" count="0"/>
			<line num="186" type="stmt" count="0"/>
			<line num="188" type="stmt" count="0"/>
			<line num="190" type="stmt" count="0"/>
			<line num="191" type="stmt" count="0"/>
			<line num="192" type="stmt" count="0"/>
			<line num="194" type="stmt" count="0"/>
			<line num="195" type="stmt" count="0"/>
			<line num="196" type="stmt" count="0"/>
			<line num="198" type="stmt" count="0"/>
			<line num="199" type="stmt" count="0"/>
			<line num="200" type="stmt" count="0"/>
			<line num="202" type="stmt" count="0"/>
			<line num="203" type="stmt" count="0"/>
			<line num="206" type="stmt" count="0"/>
			<line num="207" type="stmt" count="0"/>
			<line num="208" type="stmt" count="0"/>
			<line num="210" type="stmt" count="0"/>
			<line num="211" type="stmt" count="0"/>
			<line num="212" type="stmt" count="0"/>
			<line num="221" type="method" name="ariane" crap="20" count="0"/>
			<line num="224" type="stmt" count="0"/>
			<line num="225" type="stmt" count="0"/>
			<line num="229" type="stmt" count="0"/>
			<line num="230" type="stmt" count="0"/>
			<line num="231" type="stmt" count="0"/>
			<line num="232" type="stmt" count="0"/>
			<line num="233" type="stmt" count="0"/>
			<line num="236" type="stmt" count="0"/>
			<line num="237" type="stmt" count="0"/>
			<line num="238" type="stmt" count="0"/>
			<line num="239" type="stmt" count="0"/>
			<line num="241" type="stmt" count="0"/>
			<line num="245" type="method" name="footer" crap="72" count="0"/>
			<line num="247" type="stmt" count="0"/>
			<line num="248" type="stmt" count="0"/>
			<line num="249" type="stmt" count="0"/>
			<line num="250" type="stmt" count="0"/>
			<line num="251" type="stmt" count="0"/>
			<line num="252" type="stmt" count="0"/>
			<line num="253" type="stmt" count="0"/>
			<line num="254" type="stmt" count="0"/>
			<line num="255" type="stmt" count="0"/>
			<line num="256" type="stmt" count="0"/>
			<line num="257" type="stmt" count="0"/>
			<line num="258" type="stmt" count="0"/>
			<line num="271" type="method" name="setListed" crap="2" count="0"/>
			<line num="273" type="stmt" count="0"/>
			<line num="274" type="stmt" count="0"/>
			<line num="275" type="stmt" count="0"/>
			<line num="283" type="method" name="setGlue" crap="2" count="0"/>
			<line num="285" type="stmt" count="0"/>
			<line num="286" type="stmt" count="0"/>
			<line num="287" type="stmt" count="0"/>
			<line num="296" type="method" name="alterTree" crap="6" count="0"/>
			<line num="299" type="stmt" count="0"/>
			<line num="300" type="stmt" count="0"/>
			<line num="301" type="stmt" count="0"/>
			<line num="302" type="stmt" count="0"/>
			<line num="303" type="stmt" count="0"/>
			<line num="306" type="stmt" count="0"/>
			<line num="307" type="stmt" count="0"/>
			<line num="315" type="method" name="get" crap="2" count="1"/>
			<line num="317" type="stmt" count="1"/>
			<line num="318" type="stmt" count="1"/>
			<line num="327" type="method" name="getMenu" crap="20" count="0"/>
			<line num="330" type="stmt" count="0"/>
			<line num="333" type="stmt" count="0"/>
			<line num="342" type="method" name="getSubmenu" crap="42" count="0"/>
			<line num="345" type="stmt" count="0"/>
			<line num="348" type="stmt" count="0"/>
			<line num="351" type="stmt" count="0"/>
			<line num="352" type="stmt" count="0"/>
			<line num="353" type="stmt" count="0"/>
			<line num="354" type="stmt" count="0"/>
			<line num="361" type="method" name="current" crap="2" count="3"/>
			<line num="364" type="stmt" count="3"/>
			<line num="365" type="stmt" count="3"/>
			<line num="372" type="method" name="css" crap="6" count="0"/>
			<line num="374" type="stmt" count="0"/>
			<line num="375" type="stmt" count="0"/>
			<line num="376" type="stmt" count="0"/>
			<line num="389" type="method" name="build" crap="380" count="0"/>
			<line num="392" type="stmt" count="0"/>
			<line num="395" type="stmt" count="0"/>
			<line num="398" type="stmt" count="0"/>
			<line num="403" type="stmt" count="0"/>
			<line num="406" type="stmt" count="0"/>
			<line num="407" type="stmt" count="0"/>
			<line num="410" type="stmt" count="0"/>
			<line num="411" type="stmt" count="0"/>
			<line num="414" type="stmt" count="0"/>
			<line num="415" type="stmt" count="0"/>
			<line num="416" type="stmt" count="0"/>
			<line num="417" type="stmt" count="0"/>
			<line num="418" type="stmt" count="0"/>
			<line num="421" type="stmt" count="0"/>
			<line num="422" type="stmt" count="0"/>
			<line num="426" type="stmt" count="0"/>
			<line num="427" type="stmt" count="0"/>
			<line num="430" type="stmt" count="0"/>
			<line num="431" type="stmt" count="0"/>
			<line num="432" type="stmt" count="0"/>
			<line num="433" type="stmt" count="0"/>
			<line num="435" type="stmt" count="0"/>
			<line num="436" type="stmt" count="0"/>
			<line num="438" type="stmt" count="0"/>
			<line num="443" type="stmt" count="0"/>
			<line num="444" type="stmt" count="0"/>
			<line num="446" type="stmt" count="0"/>
			<line num="447" type="stmt" count="0"/>
			<line num="450" type="stmt" count="0"/>
			<line num="453" type="stmt" count="0"/>
			<line num="454" type="stmt" count="0"/>
			<line num="457" type="stmt" count="0"/>
			<line num="458" type="stmt" count="0"/>
			<line num="459" type="stmt" count="0"/>
			<line num="460" type="stmt" count="0"/>
			<line num="462" type="stmt" count="0"/>
			<line num="466" type="stmt" count="0"/>
			<line num="467" type="stmt" count="0"/>
			<line num="468" type="stmt" count="0"/>
			<line num="469" type="stmt" count="0"/>
			<line num="470" type="stmt" count="0"/>
			<line num="473" type="stmt" count="0"/>
			<line num="474" type="stmt" count="0"/>
			<line num="475" type="stmt" count="0"/>
			<line num="476" type="stmt" count="0"/>
			<line num="477" type="stmt" count="0"/>
			<line num="478" type="stmt" count="0"/>
			<line num="481" type="stmt" count="0"/>
			<line num="482" type="stmt" count="0"/>
			<line num="485" type="stmt" count="0"/>
			<line num="488" type="stmt" count="0"/>
			<line num="489" type="stmt" count="0"/>
			<line num="495" type="method" name="active" crap="12" count="0"/>
			<line num="498" type="stmt" count="0"/>
			<line num="499" type="stmt" count="0"/>
			<line num="502" type="stmt" count="0"/>
			<line num="503" type="stmt" count="0"/>
			<line num="504" type="stmt" count="0"/>
			<line num="511" type="method" name="render" crap="182" count="0"/>
			<line num="514" type="stmt" count="0"/>
			<line num="515" type="stmt" count="0"/>
			<line num="518" type="stmt" count="0"/>
			<line num="521" type="stmt" count="0"/>
			<line num="524" type="stmt" count="0"/>
			<line num="525" type="stmt" count="0"/>
			<line num="528" type="stmt" count="0"/>
			<line num="529" type="stmt" count="0"/>
			<line num="532" type="stmt" count="0"/>
			<line num="533" type="stmt" count="0"/>
			<line num="534" type="stmt" count="0"/>
			<line num="535" type="stmt" count="0"/>
			<line num="538" type="stmt" count="0"/>
			<line num="539" type="stmt" count="0"/>
			<line num="542" type="stmt" count="0"/>
			<line num="543" type="stmt" count="0"/>
			<line num="544" type="stmt" count="0"/>
			<line num="556" type="method" name="addPage" crap="20" count="0"/>
			<line num="559" type="stmt" count="0"/>
			<line num="560" type="stmt" count="0"/>
			<line num="561" type="stmt" count="0"/>
			<line num="564" type="stmt" count="0"/>
			<line num="565" type="stmt" count="0"/>
			<line num="566" type="stmt" count="0"/>
			<line num="570" type="stmt" count="0"/>
			<line num="571" type="stmt" count="0"/>
			<line num="572" type="stmt" count="0"/>
			<line num="573" type="stmt" count="0"/>
			<line num="574" type="stmt" count="0"/>
			<line num="575" type="stmt" count="0"/>
			<line num="578" type="stmt" count="0"/>
			<line num="579" type="stmt" count="0"/>
			<line num="580" type="stmt" count="0"/>
			<line num="581" type="stmt" count="0"/>
			<line num="582" type="stmt" count="0"/>
			<line num="583" type="stmt" count="0"/>
			<line num="585" type="stmt" count="0"/>
			<line num="596" type="method" name="renderLink" crap="132" count="0"/>
			<line num="599" type="stmt" count="0"/>
			<line num="602" type="stmt" count="0"/>
			<line num="603" type="stmt" count="0"/>
			<line num="605" type="stmt" count="0"/>
			<line num="606" type="stmt" count="0"/>
			<line num="607" type="stmt" count="0"/>
			<line num="608" type="stmt" count="0"/>
			<line num="609" type="stmt" count="0"/>
			<line num="611" type="stmt" count="0"/>
			<line num="614" type="stmt" count="0"/>
			<line num="615" type="stmt" count="0"/>
			<line num="616" type="stmt" count="0"/>
			<line num="617" type="stmt" count="0"/>
			<line num="620" type="stmt" count="0"/>
			<line num="621" type="stmt" count="0"/>
			<line num="624" type="stmt" count="0"/>
			<line num="625" type="stmt" count="0"/>
			<line num="627" type="stmt" count="0"/>
			<line num="628" type="stmt" count="0"/>
			<line num="630" type="stmt" count="0"/>
			<line num="640" type="method" name="extension" crap="56" count="0"/>
			<line num="643" type="stmt" count="0"/>
			<line num="646" type="stmt" count="0"/>
			<line num="649" type="stmt" count="0"/>
			<line num="650" type="stmt" count="0"/>
			<line num="651" type="stmt" count="0"/>
			<line num="652" type="stmt" count="0"/>
			<line num="653" type="stmt" count="0"/>
			<line num="656" type="stmt" count="0"/>
			<line num="659" type="stmt" count="0"/>
			<line num="661" type="stmt" count="0"/>
			<line num="662" type="stmt" count="0"/>
			<line num="663" type="stmt" count="0"/>
			<line num="665" type="stmt" count="0"/>
			<metrics loc="667" ncloc="330" classes="1" methods="19" coveredmethods="2" conditionals="0" coveredconditionals="0" statements="224" coveredstatements="4" elements="243" coveredelements="6"/>
		</file>
		<file name="/Applications/MAMP/htdocs/Celsius/cerberus/class/class.pager.php">
			<class name="Pager" namespace="global">
				<metrics methods="13" coveredmethods="13" conditionals="0" coveredconditionals="0" statements="44" coveredstatements="44" elements="57" coveredelements="57"/>
			</class>
			<line num="50" type="method" name="__construct" crap="5" count="3"/>
			<line num="53" type="stmt" count="3"/>
			<line num="54" type="stmt" count="3"/>
			<line num="55" type="stmt" count="2"/>
			<line num="56" type="stmt" count="2"/>
			<line num="57" type="stmt" count="2"/>
			<line num="58" type="stmt" count="3"/>
			<line num="61" type="stmt" count="3"/>
			<line num="64" type="stmt" count="3"/>
			<line num="65" type="stmt" count="3"/>
			<line num="66" type="stmt" count="3"/>
			<line num="67" type="stmt" count="3"/>
			<line num="68" type="stmt" count="3"/>
			<line num="76" type="method" name="change" crap="2" count="8"/>
			<line num="78" type="stmt" count="8"/>
			<line num="79" type="stmt" count="8"/>
			<line num="81" type="stmt" count="7"/>
			<line num="82" type="stmt" count="7"/>
			<line num="92" type="method" name="get" crap="1" count="10"/>
			<line num="94" type="stmt" count="10"/>
			<line num="102" type="method" name="next" crap="2" count="1"/>
			<line num="104" type="stmt" count="1"/>
			<line num="105" type="stmt" count="1"/>
			<line num="113" type="method" name="previous" crap="2" count="1"/>
			<line num="115" type="stmt" count="1"/>
			<line num="116" type="stmt" count="1"/>
			<line num="124" type="method" name="first" crap="1" count="3"/>
			<line num="126" type="stmt" count="3"/>
			<line num="134" type="method" name="last" crap="1" count="1"/>
			<line num="136" type="stmt" count="1"/>
			<line num="144" type="method" name="isFirst" crap="1" count="1"/>
			<line num="146" type="stmt" count="1"/>
			<line num="154" type="method" name="isLast" crap="1" count="1"/>
			<line num="156" type="stmt" count="1"/>
			<line num="164" type="method" name="count" crap="1" count="3"/>
			<line num="166" type="stmt" count="3"/>
			<line num="175" type="method" name="db" crap="2" count="5"/>
			<line num="177" type="stmt" count="5"/>
			<line num="179" type="stmt" count="5"/>
			<line num="187" type="method" name="pagination" crap="3" count="1"/>
			<line num="192" type="stmt" count="1"/>
			<line num="193" type="stmt" count="1"/>
			<line num="194" type="stmt" count="1"/>
			<line num="196" type="stmt" count="1"/>
			<line num="198" type="stmt" count="1"/>
			<line num="199" type="stmt" count="1"/>
			<line num="200" type="stmt" count="1"/>
			<line num="202" type="stmt" count="1"/>
			<line num="203" type="stmt" count="1"/>
			<line num="207" type="stmt" count="1"/>
			<line num="208" type="stmt" count="1"/>
			<line num="219" type="method" name="sanitize" crap="4" count="15"/>
			<line num="222" type="stmt" count="15"/>
			<line num="225" type="stmt" count="15"/>
			<line num="226" type="stmt" count="15"/>
			<line num="227" type="stmt" count="15"/>
			<line num="229" type="stmt" count="15"/>
			<metrics loc="231" ncloc="119" classes="1" methods="13" coveredmethods="13" conditionals="0" coveredconditionals="0" statements="44" coveredstatements="44" elements="57" coveredelements="57"/>
		</file>
		<file name="/Applications/MAMP/htdocs/Celsius/cerberus/class/class.timer.php">
			<class name="Timer" namespace="global" fullPackage="Cerberus" package="Cerberus">
				<metrics methods="9" coveredmethods="9" conditionals="0" coveredconditionals="0" statements="43" coveredstatements="43" elements="52" coveredelements="52"/>
			</class>
			<line num="29" type="method" name="start" crap="2" count="5"/>
			<line num="32" type="stmt" count="5"/>
			<line num="35" type="stmt" count="5"/>
			<line num="36" type="stmt" count="2"/>
			<line num="37" type="stmt" count="5"/>
			<line num="44" type="method" name="stop" crap="3" count="5"/>
			<line num="47" type="stmt" count="5"/>
			<line num="48" type="stmt" count="5"/>
			<line num="49" type="stmt" count="1"/>
			<line num="50" type="stmt" count="1"/>
			<line num="51" type="stmt" count="1"/>
			<line num="54" type="stmt" count="5"/>
			<line num="57" type="stmt" count="5"/>
			<line num="60" type="stmt" count="5"/>
			<line num="61" type="stmt" count="5"/>
			<line num="62" type="stmt" count="5"/>
			<line num="70" type="method" name="getRunning" crap="1" count="5"/>
			<line num="72" type="stmt" count="5"/>
			<line num="81" type="method" name="getFinished" crap="1" count="1"/>
			<line num="83" type="stmt" count="1"/>
			<line num="91" type="method" name="close" crap="3" count="2"/>
			<line num="94" type="stmt" count="2"/>
			<line num="95" type="stmt" count="2"/>
			<line num="98" type="stmt" count="2"/>
			<line num="101" type="stmt" count="2"/>
			<line num="102" type="stmt" count="2"/>
			<line num="104" type="stmt" count="2"/>
			<line num="110" type="method" name="show" crap="3" count="1"/>
			<line num="112" type="stmt" count="1"/>
			<line num="114" type="stmt" count="1"/>
			<line num="115" type="stmt" count="1"/>
			<line num="116" type="stmt" count="1"/>
			<line num="118" type="stmt" count="1"/>
			<line num="121" type="stmt" count="1"/>
			<line num="122" type="stmt" count="1"/>
			<line num="123" type="stmt" count="1"/>
			<line num="124" type="stmt" count="1"/>
			<line num="125" type="stmt" count="1"/>
			<line num="126" type="stmt" count="1"/>
			<line num="127" type="stmt" count="1"/>
			<line num="128" type="stmt" count="1"/>
			<line num="129" type="stmt" count="1"/>
			<line num="141" type="method" name="pad" crap="1" count="1"/>
			<line num="143" type="stmt" count="1"/>
			<line num="144" type="stmt" count="1"/>
			<line num="145" type="stmt" count="1"/>
			<line num="146" type="stmt" count="1"/>
			<line num="155" type="method" name="get" crap="2" count="5"/>
			<line num="157" type="stmt" count="5"/>
			<line num="158" type="stmt" count="5"/>
			<line num="167" type="method" name="toSeconds" crap="1" count="2"/>
			<line num="169" type="stmt" count="2"/>
			<line num="173" type="stmt" count="1"/>
			<metrics loc="172" ncloc="84" classes="1" methods="9" coveredmethods="9" conditionals="0" coveredconditionals="0" statements="43" coveredstatements="43" elements="52" coveredelements="52"/>
		</file>
		<file name="/Applications/MAMP/htdocs/Celsius/cerberus/class/core.dispatch.php">
			<class name="dispatch" namespace="global" fullPackage="Cerberus" package="Cerberus">
				<metrics methods="30" coveredmethods="1" conditionals="0" coveredconditionals="0" statements="354" coveredstatements="7" elements="384" coveredelements="8"/>
			</class>
			<line num="147" type="method" name="__construct" crap="12" count="0"/>
			<line num="150" type="stmt" count="0"/>
			<line num="153" type="stmt" count="0"/>
			<line num="156" type="stmt" count="0"/>
			<line num="157" type="stmt" count="0"/>
			<line num="162" type="method" name="structure" crap="2" count="0"/>
			<line num="164" type="stmt" count="0"/>
			<line num="166" type="stmt" count="0"/>
			<line num="167" type="stmt" count="0"/>
			<line num="169" type="stmt" count="0"/>
			<line num="170" type="stmt" count="0"/>
			<line num="171" type="stmt" count="0"/>
			<line num="176" type="method" name="paths" crap="72" count="0"/>
			<line num="178" type="stmt" count="0"/>
			<line num="181" type="stmt" count="0"/>
			<line num="182" type="stmt" count="0"/>
			<line num="183" type="stmt" count="0"/>
			<line num="184" type="stmt" count="0"/>
			<line num="187" type="stmt" count="0"/>
			<line num="188" type="stmt" count="0"/>
			<line num="189" type="stmt" count="0"/>
			<line num="190" type="stmt" count="0"/>
			<line num="191" type="stmt" count="0"/>
			<line num="192" type="stmt" count="0"/>
			<line num="193" type="stmt" count="0"/>
			<line num="194" type="stmt" count="0"/>
			<line num="195" type="stmt" count="0"/>
			<line num="196" type="stmt" count="0"/>
			<line num="197" type="stmt" count="0"/>
			<line num="198" type="stmt" count="0"/>
			<line num="199" type="stmt" count="0"/>
			<line num="200" type="stmt" count="0"/>
			<line num="201" type="stmt" count="0"/>
			<line num="202" type="stmt" count="0"/>
			<line num="205" type="stmt" count="0"/>
			<line num="206" type="stmt" count="0"/>
			<line num="207" type="stmt" count="0"/>
			<line num="208" type="stmt" count="0"/>
			<line num="209" type="stmt" count="0"/>
			<line num="210" type="stmt" count="0"/>
			<line num="211" type="stmt" count="0"/>
			<line num="212" type="stmt" count="0"/>
			<line num="215" type="stmt" count="0"/>
			<line num="216" type="stmt" count="0"/>
			<line num="217" type="stmt" count="0"/>
			<line num="218" type="stmt" count="0"/>
			<line num="219" type="stmt" count="0"/>
			<line num="224" type="method" name="index" crap="6" count="0"/>
			<line num="226" type="stmt" count="0"/>
			<line num="227" type="stmt" count="0"/>
			<line num="228" type="stmt" count="0"/>
			<line num="229" type="stmt" count="0"/>
			<line num="230" type="stmt" count="0"/>
			<line num="231" type="stmt" count="0"/>
			<line num="237" type="method" name="setGuess" crap="2" count="0"/>
			<line num="239" type="stmt" count="0"/>
			<line num="240" type="stmt" count="0"/>
			<line num="245" type="method" name="cleanState" crap="2" count="0"/>
			<line num="247" type="stmt" count="0"/>
			<line num="248" type="stmt" count="0"/>
			<line num="249" type="stmt" count="0"/>
			<line num="250" type="stmt" count="0"/>
			<line num="251" type="stmt" count="0"/>
			<line num="252" type="stmt" count="0"/>
			<line num="253" type="stmt" count="0"/>
			<line num="255" type="stmt" count="0"/>
			<line num="256" type="stmt" count="0"/>
			<line num="267" type="method" name="modules" crap="20" count="0"/>
			<line num="269" type="stmt" count="0"/>
			<line num="271" type="stmt" count="0"/>
			<line num="272" type="stmt" count="0"/>
			<line num="274" type="stmt" count="0"/>
			<line num="275" type="stmt" count="0"/>
			<line num="283" type="method" name="assets" crap="240" count="0"/>
			<line num="285" type="stmt" count="0"/>
			<line num="286" type="stmt" count="0"/>
			<line num="289" type="stmt" count="0"/>
			<line num="290" type="stmt" count="0"/>
			<line num="295" type="stmt" count="0"/>
			<line num="296" type="stmt" count="0"/>
			<line num="297" type="stmt" count="0"/>
			<line num="298" type="stmt" count="0"/>
			<line num="301" type="stmt" count="0"/>
			<line num="302" type="stmt" count="0"/>
			<line num="303" type="stmt" count="0"/>
			<line num="304" type="stmt" count="0"/>
			<line num="305" type="stmt" count="0"/>
			<line num="306" type="stmt" count="0"/>
			<line num="309" type="stmt" count="0"/>
			<line num="310" type="stmt" count="0"/>
			<line num="311" type="stmt" count="0"/>
			<line num="315" type="stmt" count="0"/>
			<line num="318" type="stmt" count="0"/>
			<line num="321" type="stmt" count="0"/>
			<line num="326" type="stmt" count="0"/>
			<line num="327" type="stmt" count="0"/>
			<line num="330" type="stmt" count="0"/>
			<line num="331" type="stmt" count="0"/>
			<line num="334" type="stmt" count="0"/>
			<line num="335" type="stmt" count="0"/>
			<line num="338" type="stmt" count="0"/>
			<line num="339" type="stmt" count="0"/>
			<line num="342" type="stmt" count="0"/>
			<line num="343" type="stmt" count="0"/>
			<line num="344" type="stmt" count="0"/>
			<line num="345" type="stmt" count="0"/>
			<line num="347" type="stmt" count="0"/>
			<line num="357" type="method" name="listAssets" crap="240" count="0"/>
			<line num="360" type="stmt" count="0"/>
			<line num="364" type="stmt" count="0"/>
			<line num="365" type="stmt" count="0"/>
			<line num="369" type="stmt" count="0"/>
			<line num="370" type="stmt" count="0"/>
			<line num="371" type="stmt" count="0"/>
			<line num="372" type="stmt" count="0"/>
			<line num="375" type="stmt" count="0"/>
			<line num="378" type="stmt" count="0"/>
			<line num="381" type="stmt" count="0"/>
			<line num="382" type="stmt" count="0"/>
			<line num="383" type="stmt" count="0"/>
			<line num="384" type="stmt" count="0"/>
			<line num="385" type="stmt" count="0"/>
			<line num="387" type="stmt" count="0"/>
			<line num="388" type="stmt" count="0"/>
			<line num="393" type="stmt" count="0"/>
			<line num="395" type="stmt" count="0"/>
			<line num="396" type="stmt" count="0"/>
			<line num="399" type="stmt" count="0"/>
			<line num="400" type="stmt" count="0"/>
			<line num="401" type="stmt" count="0"/>
			<line num="402" type="stmt" count="0"/>
			<line num="405" type="stmt" count="0"/>
			<line num="406" type="stmt" count="0"/>
			<line num="407" type="stmt" count="0"/>
			<line num="410" type="stmt" count="0"/>
			<line num="411" type="stmt" count="0"/>
			<line num="413" type="stmt" count="0"/>
			<line num="414" type="stmt" count="0"/>
			<line num="415" type="stmt" count="0"/>
			<line num="416" type="stmt" count="0"/>
			<line num="417" type="stmt" count="0"/>
			<line num="420" type="stmt" count="0"/>
			<line num="423" type="stmt" count="0"/>
			<line num="426" type="stmt" count="0"/>
			<line num="427" type="stmt" count="0"/>
			<line num="428" type="stmt" count="0"/>
			<line num="429" type="stmt" count="0"/>
			<line num="436" type="method" name="submodules" crap="306" count="0"/>
			<line num="439" type="stmt" count="0"/>
			<line num="442" type="stmt" count="0"/>
			<line num="445" type="stmt" count="0"/>
			<line num="447" type="stmt" count="0"/>
			<line num="449" type="stmt" count="0"/>
			<line num="450" type="stmt" count="0"/>
			<line num="451" type="stmt" count="0"/>
			<line num="454" type="stmt" count="0"/>
			<line num="457" type="stmt" count="0"/>
			<line num="458" type="stmt" count="0"/>
			<line num="459" type="stmt" count="0"/>
			<line num="460" type="stmt" count="0"/>
			<line num="461" type="stmt" count="0"/>
			<line num="462" type="stmt" count="0"/>
			<line num="466" type="stmt" count="0"/>
			<line num="468" type="stmt" count="0"/>
			<line num="470" type="stmt" count="0"/>
			<line num="471" type="stmt" count="0"/>
			<line num="473" type="stmt" count="0"/>
			<line num="474" type="stmt" count="0"/>
			<line num="475" type="stmt" count="0"/>
			<line num="477" type="stmt" count="0"/>
			<line num="480" type="stmt" count="0"/>
			<line num="483" type="stmt" count="0"/>
			<line num="484" type="stmt" count="0"/>
			<line num="485" type="stmt" count="0"/>
			<line num="488" type="stmt" count="0"/>
			<line num="489" type="stmt" count="0"/>
			<line num="492" type="stmt" count="0"/>
			<line num="495" type="stmt" count="0"/>
			<line num="496" type="stmt" count="0"/>
			<line num="498" type="stmt" count="0"/>
			<line num="499" type="stmt" count="0"/>
			<line num="500" type="stmt" count="0"/>
			<line num="501" type="stmt" count="0"/>
			<line num="504" type="stmt" count="0"/>
			<line num="505" type="stmt" count="0"/>
			<line num="513" type="method" name="unpack" crap="90" count="0"/>
			<line num="516" type="stmt" count="0"/>
			<line num="518" type="stmt" count="0"/>
			<line num="519" type="stmt" count="0"/>
			<line num="520" type="stmt" count="0"/>
			<line num="522" type="stmt" count="0"/>
			<line num="523" type="stmt" count="0"/>
			<line num="525" type="stmt" count="0"/>
			<line num="526" type="stmt" count="0"/>
			<line num="527" type="stmt" count="0"/>
			<line num="528" type="stmt" count="0"/>
			<line num="529" type="stmt" count="0"/>
			<line num="532" type="stmt" count="0"/>
			<line num="533" type="stmt" count="0"/>
			<line num="534" type="stmt" count="0"/>
			<line num="537" type="stmt" count="0"/>
			<line num="538" type="stmt" count="0"/>
			<line num="539" type="stmt" count="0"/>
			<line num="542" type="stmt" count="0"/>
			<line num="543" type="stmt" count="0"/>
			<line num="546" type="stmt" count="0"/>
			<line num="548" type="stmt" count="0"/>
			<line num="549" type="stmt" count="0"/>
			<line num="550" type="stmt" count="0"/>
			<line num="551" type="stmt" count="0"/>
			<line num="552" type="stmt" count="0"/>
			<line num="553" type="stmt" count="0"/>
			<line num="556" type="stmt" count="0"/>
			<line num="565" type="method" name="sanitize" crap="72" count="0"/>
			<line num="568" type="stmt" count="0"/>
			<line num="569" type="stmt" count="0"/>
			<line num="570" type="stmt" count="0"/>
			<line num="571" type="stmt" count="0"/>
			<line num="572" type="stmt" count="0"/>
			<line num="574" type="stmt" count="0"/>
			<line num="575" type="stmt" count="0"/>
			<line num="578" type="stmt" count="0"/>
			<line num="579" type="stmt" count="0"/>
			<line num="581" type="stmt" count="0"/>
			<line num="590" type="method" name="inlineJS" crap="2" count="0"/>
			<line num="592" type="stmt" count="0"/>
			<line num="593" type="stmt" count="0"/>
			<line num="594" type="stmt" count="0"/>
			<line num="595" type="stmt" count="0"/>
			<line num="609" type="method" name="path" crap="3" count="4"/>
			<line num="611" type="stmt" count="4"/>
			<line num="614" type="stmt" count="4"/>
			<line num="616" type="stmt" count="4"/>
			<line num="617" type="stmt" count="4"/>
			<line num="619" type="stmt" count="4"/>
			<line num="620" type="stmt" count="4"/>
			<line num="621" type="stmt" count="4"/>
			<line num="629" type="method" name="currentCSS" crap="2" count="0"/>
			<line num="631" type="stmt" count="0"/>
			<line num="639" type="method" name="currentJS" crap="2" count="0"/>
			<line num="641" type="stmt" count="0"/>
			<line num="650" type="method" name="isScript" crap="6" count="0"/>
			<line num="652" type="stmt" count="0"/>
			<line num="669" type="method" name="inject" crap="156" count="0"/>
			<line num="671" type="stmt" count="0"/>
			<line num="672" type="stmt" count="0"/>
			<line num="675" type="stmt" count="0"/>
			<line num="676" type="stmt" count="0"/>
			<line num="679" type="stmt" count="0"/>
			<line num="680" type="stmt" count="0"/>
			<line num="681" type="stmt" count="0"/>
			<line num="682" type="stmt" count="0"/>
			<line num="685" type="stmt" count="0"/>
			<line num="688" type="stmt" count="0"/>
			<line num="689" type="stmt" count="0"/>
			<line num="690" type="stmt" count="0"/>
			<line num="692" type="stmt" count="0"/>
			<line num="693" type="stmt" count="0"/>
			<line num="694" type="stmt" count="0"/>
			<line num="695" type="stmt" count="0"/>
			<line num="699" type="stmt" count="0"/>
			<line num="702" type="stmt" count="0"/>
			<line num="705" type="stmt" count="0"/>
			<line num="706" type="stmt" count="0"/>
			<line num="707" type="stmt" count="0"/>
			<line num="708" type="stmt" count="0"/>
			<line num="709" type="stmt" count="0"/>
			<line num="714" type="stmt" count="0"/>
			<line num="715" type="stmt" count="0"/>
			<line num="716" type="stmt" count="0"/>
			<line num="718" type="stmt" count="0"/>
			<line num="719" type="stmt" count="0"/>
			<line num="724" type="method" name="getCSS" crap="56" count="0"/>
			<line num="726" type="stmt" count="0"/>
			<line num="727" type="stmt" count="0"/>
			<line num="728" type="stmt" count="0"/>
			<line num="730" type="stmt" count="0"/>
			<line num="731" type="stmt" count="0"/>
			<line num="733" type="stmt" count="0"/>
			<line num="734" type="stmt" count="0"/>
			<line num="735" type="stmt" count="0"/>
			<line num="736" type="stmt" count="0"/>
			<line num="741" type="method" name="getJS" crap="56" count="0"/>
			<line num="743" type="stmt" count="0"/>
			<line num="746" type="stmt" count="0"/>
			<line num="749" type="stmt" count="0"/>
			<line num="750" type="stmt" count="0"/>
			<line num="751" type="stmt" count="0"/>
			<line num="752" type="stmt" count="0"/>
			<line num="755" type="stmt" count="0"/>
			<line num="756" type="stmt" count="0"/>
			<line num="757" type="stmt" count="0"/>
			<line num="758" type="stmt" count="0"/>
			<line num="761" type="stmt" count="0"/>
			<line num="762" type="stmt" count="0"/>
			<line num="763" type="stmt" count="0"/>
			<line num="774" type="method" name="addCSS" crap="2" count="0"/>
			<line num="776" type="stmt" count="0"/>
			<line num="777" type="stmt" count="0"/>
			<line num="784" type="method" name="removeCSS" crap="12" count="0"/>
			<line num="786" type="stmt" count="0"/>
			<line num="787" type="stmt" count="0"/>
			<line num="788" type="stmt" count="0"/>
			<line num="793" type="method" name="addJSBefore" crap="2" count="0"/>
			<line num="795" type="stmt" count="0"/>
			<line num="796" type="stmt" count="0"/>
			<line num="797" type="stmt" count="0"/>
			<line num="802" type="method" name="addJS" crap="2" count="0"/>
			<line num="804" type="stmt" count="0"/>
			<line num="805" type="stmt" count="0"/>
			<line num="810" type="method" name="addPHP" crap="20" count="0"/>
			<line num="813" type="stmt" count="0"/>
			<line num="814" type="stmt" count="0"/>
			<line num="815" type="stmt" count="0"/>
			<line num="818" type="stmt" count="0"/>
			<line num="819" type="stmt" count="0"/>
			<line num="820" type="stmt" count="0"/>
			<line num="833" type="method" name="compass" crap="182" count="0"/>
			<line num="835" type="stmt" count="0"/>
			<line num="838" type="stmt" count="0"/>
			<line num="839" type="stmt" count="0"/>
			<line num="842" type="stmt" count="0"/>
			<line num="843" type="stmt" count="0"/>
			<line num="844" type="stmt" count="0"/>
			<line num="845" type="stmt" count="0"/>
			<line num="846" type="stmt" count="0"/>
			<line num="847" type="stmt" count="0"/>
			<line num="849" type="stmt" count="0"/>
			<line num="850" type="stmt" count="0"/>
			<line num="851" type="stmt" count="0"/>
			<line num="852" type="stmt" count="0"/>
			<line num="853" type="stmt" count="0"/>
			<line num="855" type="stmt" count="0"/>
			<line num="858" type="stmt" count="0"/>
			<line num="859" type="stmt" count="0"/>
			<line num="862" type="stmt" count="0"/>
			<line num="865" type="stmt" count="0"/>
			<line num="866" type="stmt" count="0"/>
			<line num="867" type="stmt" count="0"/>
			<line num="868" type="stmt" count="0"/>
			<line num="869" type="stmt" count="0"/>
			<line num="873" type="stmt" count="0"/>
			<line num="876" type="stmt" count="0"/>
			<line num="878" type="stmt" count="0"/>
			<line num="879" type="stmt" count="0"/>
			<line num="882" type="stmt" count="0"/>
			<line num="883" type="stmt" count="0"/>
			<line num="886" type="stmt" count="0"/>
			<line num="887" type="stmt" count="0"/>
			<line num="890" type="stmt" count="0"/>
			<line num="891" type="stmt" count="0"/>
			<line num="892" type="stmt" count="0"/>
			<line num="893" type="stmt" count="0"/>
			<line num="894" type="stmt" count="0"/>
			<line num="905" type="method" name="plugin" crap="42" count="0"/>
			<line num="908" type="stmt" count="0"/>
			<line num="909" type="stmt" count="0"/>
			<line num="910" type="stmt" count="0"/>
			<line num="912" type="stmt" count="0"/>
			<line num="913" type="stmt" count="0"/>
			<line num="914" type="stmt" count="0"/>
			<line num="915" type="stmt" count="0"/>
			<line num="916" type="stmt" count="0"/>
			<line num="919" type="stmt" count="0"/>
			<line num="920" type="stmt" count="0"/>
			<line num="921" type="stmt" count="0"/>
			<line num="922" type="stmt" count="0"/>
			<line num="923" type="stmt" count="0"/>
			<line num="926" type="stmt" count="0"/>
			<line num="927" type="stmt" count="0"/>
			<line num="934" type="method" name="analytics" crap="2" count="0"/>
			<line num="936" type="stmt" count="0"/>
			<line num="937" type="stmt" count="0"/>
			<line num="946" type="method" name="typekit" crap="2" count="0"/>
			<line num="948" type="stmt" count="0"/>
			<line num="949" type="stmt" count="0"/>
			<line num="950" type="stmt" count="0"/>
			<line num="957" type="method" name="googleFonts" crap="2" count="0"/>
			<line num="959" type="stmt" count="0"/>
			<line num="962" type="stmt" count="0"/>
			<line num="963" type="stmt" count="0"/>
			<line num="964" type="stmt" count="0"/>
			<line num="966" type="stmt" count="0"/>
			<line num="967" type="stmt" count="0"/>
			<metrics loc="968" ncloc="535" classes="1" methods="30" coveredmethods="1" conditionals="0" coveredconditionals="0" statements="354" coveredstatements="7" elements="384" coveredelements="8"/>
		</file>
		<file name="/Applications/MAMP/htdocs/Celsius/cerberus/class/core.init.php">
			<class name="Init" namespace="global" fullPackage="Cerberus" package="Cerberus">
				<metrics methods="29" coveredmethods="0" conditionals="0" coveredconditionals="0" statements="213" coveredstatements="0" elements="242" coveredelements="0"/>
			</class>
			<line num="44" type="method" name="__construct" crap="12" count="0"/>
			<line num="47" type="stmt" count="0"/>
			<line num="48" type="stmt" count="0"/>
			<line num="51" type="stmt" count="0"/>
			<line num="61" type="stmt" count="0"/>
			<line num="64" type="stmt" count="0"/>
			<line num="65" type="stmt" count="0"/>
			<line num="71" type="method" name="startup" crap="6" count="0"/>
			<line num="73" type="stmt" count="0"/>
			<line num="74" type="stmt" count="0"/>
			<line num="75" type="stmt" count="0"/>
			<line num="76" type="stmt" count="0"/>
			<line num="89" type="method" name="module" crap="30" count="0"/>
			<line num="92" type="stmt" count="0"/>
			<line num="93" type="stmt" count="0"/>
			<line num="94" type="stmt" count="0"/>
			<line num="97" type="stmt" count="0"/>
			<line num="100" type="stmt" count="0"/>
			<line num="101" type="stmt" count="0"/>
			<line num="104" type="stmt" count="0"/>
			<line num="105" type="stmt" count="0"/>
			<line num="107" type="stmt" count="0"/>
			<line num="108" type="stmt" count="0"/>
			<line num="109" type="stmt" count="0"/>
			<line num="110" type="stmt" count="0"/>
			<line num="112" type="stmt" count="0"/>
			<line num="113" type="stmt" count="0"/>
			<line num="116" type="stmt" count="0"/>
			<line num="119" type="stmt" count="0"/>
			<line num="128" type="method" name="dependencies" crap="12" count="0"/>
			<line num="131" type="stmt" count="0"/>
			<line num="134" type="stmt" count="0"/>
			<line num="135" type="stmt" count="0"/>
			<line num="138" type="stmt" count="0"/>
			<line num="147" type="method" name="loaded" crap="20" count="0"/>
			<line num="149" type="stmt" count="0"/>
			<line num="150" type="stmt" count="0"/>
			<line num="151" type="stmt" count="0"/>
			<line num="152" type="stmt" count="0"/>
			<line num="153" type="stmt" count="0"/>
			<line num="154" type="stmt" count="0"/>
			<line num="164" type="method" name="kirbyCore" crap="2" count="0"/>
			<line num="173" type="method" name="status" crap="2" count="0"/>
			<line num="175" type="stmt" count="0"/>
			<line num="185" type="method" name="msg" crap="2" count="0"/>
			<line num="187" type="stmt" count="0"/>
			<line num="197" type="method" name="error" crap="2" count="0"/>
			<line num="199" type="stmt" count="0"/>
			<line num="209" type="method" name="success" crap="2" count="0"/>
			<line num="211" type="stmt" count="0"/>
			<line num="213" type="stmt" count="0"/>
			<line num="218" type="method" name="correctHeader" crap="6" count="0"/>
			<line num="220" type="stmt" count="0"/>
			<line num="221" type="stmt" count="0"/>
			<line num="222" type="stmt" count="0"/>
			<line num="227" type="method" name="iniPHP" crap="2" count="0"/>
			<line num="229" type="stmt" count="0"/>
			<line num="230" type="stmt" count="0"/>
			<line num="231" type="stmt" count="0"/>
			<line num="236" type="method" name="timezone" crap="2" count="0"/>
			<line num="238" type="stmt" count="0"/>
			<line num="239" type="stmt" count="0"/>
			<line num="240" type="stmt" count="0"/>
			<line num="245" type="method" name="paths" crap="42" count="0"/>
			<line num="247" type="stmt" count="0"/>
			<line num="250" type="stmt" count="0"/>
			<line num="253" type="stmt" count="0"/>
			<line num="256" type="stmt" count="0"/>
			<line num="259" type="stmt" count="0"/>
			<line num="262" type="stmt" count="0"/>
			<line num="263" type="stmt" count="0"/>
			<line num="269" type="method" name="errorHandling" crap="6" count="0"/>
			<line num="271" type="stmt" count="0"/>
			<line num="274" type="stmt" count="0"/>
			<line num="277" type="stmt" count="0"/>
			<line num="278" type="stmt" count="0"/>
			<line num="279" type="stmt" count="0"/>
			<line num="282" type="stmt" count="0"/>
			<line num="285" type="stmt" count="0"/>
			<line num="286" type="stmt" count="0"/>
			<line num="287" type="stmt" count="0"/>
			<line num="293" type="method" name="autoloader" crap="6" count="0"/>
			<line num="295" type="stmt" count="0"/>
			<line num="298" type="stmt" count="0"/>
			<line num="301" type="stmt" count="0"/>
			<line num="302" type="stmt" count="0"/>
			<line num="303" type="stmt" count="0"/>
			<line num="309" type="method" name="config" crap="6" count="0"/>
			<line num="311" type="stmt" count="0"/>
			<line num="313" type="stmt" count="0"/>
			<line num="316" type="stmt" count="0"/>
			<line num="319" type="stmt" count="0"/>
			<line num="320" type="stmt" count="0"/>
			<line num="325" type="method" name="strings" crap="2" count="0"/>
			<line num="327" type="stmt" count="0"/>
			<line num="328" type="stmt" count="0"/>
			<line num="329" type="stmt" count="0"/>
			<line num="335" type="method" name="constants" crap="56" count="0"/>
			<line num="337" type="stmt" count="0"/>
			<line num="340" type="stmt" count="0"/>
			<line num="341" type="stmt" count="0"/>
			<line num="344" type="stmt" count="0"/>
			<line num="345" type="stmt" count="0"/>
			<line num="346" type="stmt" count="0"/>
			<line num="347" type="stmt" count="0"/>
			<line num="348" type="stmt" count="0"/>
			<line num="351" type="stmt" count="0"/>
			<line num="352" type="stmt" count="0"/>
			<line num="353" type="stmt" count="0"/>
			<line num="354" type="stmt" count="0"/>
			<line num="355" type="stmt" count="0"/>
			<line num="356" type="stmt" count="0"/>
			<line num="357" type="stmt" count="0"/>
			<line num="358" type="stmt" count="0"/>
			<line num="364" type="method" name="mysql" crap="30" count="0"/>
			<line num="366" type="stmt" count="0"/>
			<line num="369" type="stmt" count="0"/>
			<line num="370" type="stmt" count="0"/>
			<line num="372" type="stmt" count="0"/>
			<line num="373" type="stmt" count="0"/>
			<line num="374" type="stmt" count="0"/>
			<line num="375" type="stmt" count="0"/>
			<line num="376" type="stmt" count="0"/>
			<line num="379" type="stmt" count="0"/>
			<line num="380" type="stmt" count="0"/>
			<line num="383" type="stmt" count="0"/>
			<line num="384" type="stmt" count="0"/>
			<line num="390" type="method" name="stats" crap="132" count="0"/>
			<line num="392" type="stmt" count="0"/>
			<line num="395" type="stmt" count="0"/>
			<line num="398" type="stmt" count="0"/>
			<line num="399" type="stmt" count="0"/>
			<line num="400" type="stmt" count="0"/>
			<line num="401" type="stmt" count="0"/>
			<line num="402" type="stmt" count="0"/>
			<line num="407" type="stmt" count="0"/>
			<line num="410" type="stmt" count="0"/>
			<line num="413" type="stmt" count="0"/>
			<line num="414" type="stmt" count="0"/>
			<line num="415" type="stmt" count="0"/>
			<line num="418" type="stmt" count="0"/>
			<line num="419" type="stmt" count="0"/>
			<line num="420" type="stmt" count="0"/>
			<line num="421" type="stmt" count="0"/>
			<line num="422" type="stmt" count="0"/>
			<line num="423" type="stmt" count="0"/>
			<line num="424" type="stmt" count="0"/>
			<line num="425" type="stmt" count="0"/>
			<line num="426" type="stmt" count="0"/>
			<line num="427" type="stmt" count="0"/>
			<line num="428" type="stmt" count="0"/>
			<line num="429" type="stmt" count="0"/>
			<line num="430" type="stmt" count="0"/>
			<line num="431" type="stmt" count="0"/>
			<line num="437" type="method" name="required" crap="42" count="0"/>
			<line num="439" type="stmt" count="0"/>
			<line num="442" type="stmt" count="0"/>
			<line num="446" type="stmt" count="0"/>
			<line num="447" type="stmt" count="0"/>
			<line num="448" type="stmt" count="0"/>
			<line num="449" type="stmt" count="0"/>
			<line num="452" type="stmt" count="0"/>
			<line num="453" type="stmt" count="0"/>
			<line num="454" type="stmt" count="0"/>
			<line num="455" type="stmt" count="0"/>
			<line num="456" type="stmt" count="0"/>
			<line num="459" type="stmt" count="0"/>
			<line num="461" type="stmt" count="0"/>
			<line num="462" type="stmt" count="0"/>
			<line num="463" type="stmt" count="0"/>
			<line num="464" type="stmt" count="0"/>
			<line num="465" type="stmt" count="0"/>
			<line num="471" type="method" name="debug" crap="72" count="0"/>
			<line num="473" type="stmt" count="0"/>
			<line num="475" type="stmt" count="0"/>
			<line num="476" type="stmt" count="0"/>
			<line num="478" type="stmt" count="0"/>
			<line num="479" type="stmt" count="0"/>
			<line num="482" type="stmt" count="0"/>
			<line num="483" type="stmt" count="0"/>
			<line num="484" type="stmt" count="0"/>
			<line num="485" type="stmt" count="0"/>
			<line num="488" type="stmt" count="0"/>
			<line num="489" type="stmt" count="0"/>
			<line num="490" type="stmt" count="0"/>
			<line num="491" type="stmt" count="0"/>
			<line num="495" type="stmt" count="0"/>
			<line num="496" type="stmt" count="0"/>
			<line num="497" type="stmt" count="0"/>
			<line num="498" type="stmt" count="0"/>
			<line num="504" type="method" name="cache" crap="72" count="0"/>
			<line num="506" type="stmt" count="0"/>
			<line num="508" type="stmt" count="0"/>
			<line num="509" type="stmt" count="0"/>
			<line num="511" type="stmt" count="0"/>
			<line num="514" type="stmt" count="0"/>
			<line num="515" type="stmt" count="0"/>
			<line num="516" type="stmt" count="0"/>
			<line num="517" type="stmt" count="0"/>
			<line num="518" type="stmt" count="0"/>
			<line num="523" type="stmt" count="0"/>
			<line num="524" type="stmt" count="0"/>
			<line num="525" type="stmt" count="0"/>
			<line num="526" type="stmt" count="0"/>
			<line num="527" type="stmt" count="0"/>
			<line num="528" type="stmt" count="0"/>
			<line num="530" type="stmt" count="0"/>
			<line num="533" type="stmt" count="0"/>
			<line num="534" type="stmt" count="0"/>
			<line num="535" type="stmt" count="0"/>
			<line num="540" type="method" name="dispatch" crap="2" count="0"/>
			<line num="542" type="stmt" count="0"/>
			<line num="543" type="stmt" count="0"/>
			<line num="544" type="stmt" count="0"/>
			<line num="549" type="method" name="update" crap="2" count="0"/>
			<line num="551" type="stmt" count="0"/>
			<line num="552" type="stmt" count="0"/>
			<line num="553" type="stmt" count="0"/>
			<line num="559" type="method" name="backup" crap="20" count="0"/>
			<line num="561" type="stmt" count="0"/>
			<line num="562" type="stmt" count="0"/>
			<line num="563" type="stmt" count="0"/>
			<line num="565" type="method" name="language" crap="2" count="0"/>
			<line num="567" type="stmt" count="0"/>
			<line num="569" type="stmt" count="0"/>
			<line num="570" type="stmt" count="0"/>
			<line num="572" type="method" name="navigation" crap="2" count="0"/>
			<line num="574" type="stmt" count="0"/>
			<line num="575" type="stmt" count="0"/>
			<line num="576" type="stmt" count="0"/>
			<metrics loc="577" ncloc="311" classes="1" methods="28" coveredmethods="0" conditionals="0" coveredconditionals="0" statements="205" coveredstatements="0" elements="233" coveredelements="0"/>
		</file>
		<file name="/Applications/MAMP/htdocs/Celsius/cerberus/class/core.media.php">
			<class name="media" namespace="global" fullPackage="Cerberus" package="Cerberus">
				<metrics methods="6" coveredmethods="2" conditionals="0" coveredconditionals="0" statements="39" coveredstatements="10" elements="45" coveredelements="12"/>
			</class>
			<line num="20" type="method" name="image" crap="1" count="4"/>
			<line num="22" type="stmt" count="4"/>
			<line num="34" type="method" name="timthumb" crap="5" count="1"/>
			<line num="36" type="stmt" count="1"/>
			<line num="37" type="stmt" count="1"/>
			<line num="39" type="stmt" count="1"/>
			<line num="40" type="stmt" count="1"/>
			<line num="41" type="stmt" count="1"/>
			<line num="42" type="stmt" count="1"/>
			<line num="43" type="stmt" count="1"/>
			<line num="44" type="stmt" count="1"/>
			<line num="46" type="stmt" count="1"/>
			<line num="59" type="method" name="thumb" crap="2" count="0"/>
			<line num="61" type="stmt" count="0"/>
			<line num="62" type="stmt" count="0"/>
			<line num="63" type="stmt" count="0"/>
			<line num="75" type="method" name="slideshow" crap="30" count="0"/>
			<line num="78" type="stmt" count="0"/>
			<line num="79" type="stmt" count="0"/>
			<line num="80" type="stmt" count="0"/>
			<line num="83" type="stmt" count="0"/>
			<line num="86" type="stmt" count="0"/>
			<line num="89" type="stmt" count="0"/>
			<line num="92" type="stmt" count="0"/>
			<line num="93" type="stmt" count="0"/>
			<line num="94" type="stmt" count="0"/>
			<line num="95" type="stmt" count="0"/>
			<line num="96" type="stmt" count="0"/>
			<line num="97" type="stmt" count="0"/>
			<line num="98" type="stmt" count="0"/>
			<line num="101" type="stmt" count="0"/>
			<line num="102" type="stmt" count="0"/>
			<line num="115" type="method" name="swf" crap="20" count="0"/>
			<line num="117" type="stmt" count="0"/>
			<line num="118" type="stmt" count="0"/>
			<line num="119" type="stmt" count="0"/>
			<line num="120" type="stmt" count="0"/>
			<line num="122" type="stmt" count="0"/>
			<line num="123" type="stmt" count="0"/>
			<line num="124" type="stmt" count="0"/>
			<line num="133" type="method" name="svg" crap="20" count="0"/>
			<line num="135" type="stmt" count="0"/>
			<line num="137" type="stmt" count="0"/>
			<line num="139" type="stmt" count="0"/>
			<line num="140" type="stmt" count="0"/>
			<line num="143" type="stmt" count="1"/>
			<metrics loc="142" ncloc="68" classes="1" methods="6" coveredmethods="2" conditionals="0" coveredconditionals="0" statements="39" coveredstatements="10" elements="45" coveredelements="12"/>
		</file>
		<file name="/Applications/MAMP/htdocs/Celsius/cerberus/class/kirby.array.php">
			<class name="a" namespace="global">
				<metrics methods="26" coveredmethods="4" conditionals="0" coveredconditionals="0" statements="146" coveredstatements="15" elements="172" coveredelements="19"/>
			</class>
			<line num="15" type="method" name="get" crap="19.12" count="26"/>
			<line num="17" type="stmt" count="26"/>
			<line num="18" type="stmt" count="26"/>
			<line num="21" type="stmt" count="0"/>
			<line num="23" type="stmt" count="0"/>
			<line num="24" type="stmt" count="0"/>
			<line num="25" type="stmt" count="0"/>
			<line num="26" type="stmt" count="0"/>
			<line num="37" type="method" name="getall" crap="6" count="0"/>
			<line num="39" type="stmt" count="0"/>
			<line num="40" type="stmt" count="0"/>
			<line num="41" type="stmt" count="0"/>
			<line num="52" type="method" name="remove" crap="10.50" count="10"/>
			<line num="54" type="stmt" count="10"/>
			<line num="55" type="stmt" count="10"/>
			<line num="56" type="stmt" count="1"/>
			<line num="57" type="stmt" count="1"/>
			<line num="60" type="stmt" count="10"/>
			<line num="63" type="stmt" count="0"/>
			<line num="64" type="stmt" count="0"/>
			<line num="66" type="stmt" count="0"/>
			<line num="67" type="stmt" count="0"/>
			<line num="68" type="stmt" count="0"/>
			<line num="69" type="stmt" count="0"/>
			<line num="71" type="stmt" count="10"/>
			<line num="80" type="method" name="remove_value" crap="2" count="0"/>
			<line num="82" type="stmt" count="0"/>
			<line num="93" type="method" name="show" crap="6" count="0"/>
			<line num="95" type="stmt" count="0"/>
			<line num="96" type="stmt" count="0"/>
			<line num="97" type="stmt" count="0"/>
			<line num="99" type="stmt" count="0"/>
			<line num="100" type="stmt" count="0"/>
			<line num="101" type="stmt" count="0"/>
			<line num="119" type="method" name="first" crap="2" count="0"/>
			<line num="121" type="stmt" count="0"/>
			<line num="134" type="method" name="last" crap="2" count="0"/>
			<line num="136" type="stmt" count="0"/>
			<line num="147" type="method" name="average" crap="2" count="0"/>
			<line num="149" type="stmt" count="0"/>
			<line num="159" type="method" name="search" crap="2" count="0"/>
			<line num="161" type="stmt" count="0"/>
			<line num="171" type="method" name="contains" crap="2" count="0"/>
			<line num="173" type="stmt" count="0"/>
			<line num="174" type="stmt" count="0"/>
			<line num="187" type="method" name="missing" crap="12" count="0"/>
			<line num="189" type="stmt" count="0"/>
			<line num="190" type="stmt" count="0"/>
			<line num="191" type="stmt" count="0"/>
			<line num="193" type="stmt" count="0"/>
			<line num="203" type="method" name="is_associative" crap="2" count="0"/>
			<line num="205" type="stmt" count="0"/>
			<line num="215" type="method" name="array_empty" crap="30" count="0"/>
			<line num="217" type="stmt" count="0"/>
			<line num="218" type="stmt" count="0"/>
			<line num="219" type="stmt" count="0"/>
			<line num="220" type="stmt" count="0"/>
			<line num="221" type="stmt" count="0"/>
			<line num="222" type="stmt" count="0"/>
			<line num="224" type="stmt" count="0"/>
			<line num="241" type="method" name="force_array" crap="6" count="0"/>
			<line num="243" type="stmt" count="0"/>
			<line num="254" type="method" name="inject" crap="2" count="0"/>
			<line num="256" type="stmt" count="0"/>
			<line num="257" type="stmt" count="0"/>
			<line num="258" type="stmt" count="0"/>
			<line num="267" type="method" name="shuffle" crap="2" count="0"/>
			<line num="269" type="stmt" count="0"/>
			<line num="270" type="stmt" count="0"/>
			<line num="271" type="stmt" count="0"/>
			<line num="282" type="method" name="fill" crap="12" count="0"/>
			<line num="284" type="stmt" count="0"/>
			<line num="285" type="stmt" count="0"/>
			<line num="286" type="stmt" count="0"/>
			<line num="287" type="stmt" count="0"/>
			<line num="288" type="stmt" count="0"/>
			<line num="289" type="stmt" count="0"/>
			<line num="301" type="method" name="sort" crap="30" count="0"/>
			<line num="303" type="stmt" count="0"/>
			<line num="304" type="stmt" count="0"/>
			<line num="306" type="stmt" count="0"/>
			<line num="307" type="stmt" count="0"/>
			<line num="308" type="stmt" count="0"/>
			<line num="309" type="stmt" count="0"/>
			<line num="310" type="stmt" count="0"/>
			<line num="311" type="stmt" count="0"/>
			<line num="313" type="stmt" count="0"/>
			<line num="314" type="stmt" count="0"/>
			<line num="325" type="method" name="simplify" crap="72" count="0"/>
			<line num="327" type="stmt" count="0"/>
			<line num="328" type="stmt" count="0"/>
			<line num="330" type="stmt" count="0"/>
			<line num="331" type="stmt" count="0"/>
			<line num="332" type="stmt" count="0"/>
			<line num="333" type="stmt" count="0"/>
			<line num="334" type="stmt" count="0"/>
			<line num="337" type="stmt" count="0"/>
			<line num="339" type="stmt" count="0"/>
			<line num="340" type="stmt" count="0"/>
			<line num="341" type="stmt" count="0"/>
			<line num="342" type="stmt" count="0"/>
			<line num="345" type="stmt" count="0"/>
			<line num="366" type="method" name="rearrange" crap="30" count="0"/>
			<line num="368" type="stmt" count="0"/>
			<line num="370" type="stmt" count="0"/>
			<line num="372" type="stmt" count="0"/>
			<line num="373" type="stmt" count="0"/>
			<line num="374" type="stmt" count="0"/>
			<line num="375" type="stmt" count="0"/>
			<line num="376" type="stmt" count="0"/>
			<line num="379" type="stmt" count="0"/>
			<line num="380" type="stmt" count="0"/>
			<line num="381" type="stmt" count="0"/>
			<line num="383" type="stmt" count="0"/>
			<line num="385" type="stmt" count="0"/>
			<line num="401" type="method" name="glue" crap="4" count="1"/>
			<line num="403" type="stmt" count="1"/>
			<line num="405" type="stmt" count="1"/>
			<line num="408" type="stmt" count="1"/>
			<line num="409" type="stmt" count="1"/>
			<line num="410" type="stmt" count="1"/>
			<line num="412" type="stmt" count="1"/>
			<line num="422" type="method" name="extract" crap="12" count="0"/>
			<line num="424" type="stmt" count="0"/>
			<line num="425" type="stmt" count="0"/>
			<line num="426" type="stmt" count="0"/>
			<line num="427" type="stmt" count="0"/>
			<line num="436" type="method" name="clean" crap="12" count="0"/>
			<line num="438" type="stmt" count="0"/>
			<line num="439" type="stmt" count="0"/>
			<line num="455" type="method" name="json" crap="1" count="1"/>
			<line num="457" type="stmt" count="1"/>
			<line num="470" type="method" name="xml" crap="182" count="0"/>
			<line num="472" type="stmt" count="0"/>
			<line num="473" type="stmt" count="0"/>
			<line num="474" type="stmt" count="0"/>
			<line num="475" type="stmt" count="0"/>
			<line num="477" type="stmt" count="0"/>
			<line num="478" type="stmt" count="0"/>
			<line num="479" type="stmt" count="0"/>
			<line num="480" type="stmt" count="0"/>
			<line num="481" type="stmt" count="0"/>
			<line num="483" type="stmt" count="0"/>
			<line num="484" type="stmt" count="0"/>
			<line num="485" type="stmt" count="0"/>
			<line num="486" type="stmt" count="0"/>
			<line num="487" type="stmt" count="0"/>
			<line num="488" type="stmt" count="0"/>
			<line num="489" type="stmt" count="0"/>
			<line num="490" type="stmt" count="0"/>
			<line num="491" type="stmt" count="0"/>
			<line num="492" type="stmt" count="0"/>
			<line num="493" type="stmt" count="0"/>
			<line num="494" type="stmt" count="0"/>
			<line num="495" type="stmt" count="0"/>
			<line num="496" type="stmt" count="0"/>
			<line num="497" type="stmt" count="0"/>
			<line num="498" type="stmt" count="0"/>
			<line num="499" type="stmt" count="0"/>
			<line num="500" type="stmt" count="0"/>
			<line num="501" type="stmt" count="0"/>
			<line num="502" type="stmt" count="0"/>
			<line num="503" type="stmt" count="0"/>
			<line num="513" type="method" name="csv" crap="20" count="0"/>
			<line num="515" type="stmt" count="0"/>
			<line num="516" type="stmt" count="0"/>
			<line num="518" type="stmt" count="0"/>
			<line num="519" type="stmt" count="0"/>
			<line num="520" type="stmt" count="0"/>
			<line num="521" type="stmt" count="0"/>
			<line num="522" type="stmt" count="0"/>
			<line num="523" type="stmt" count="0"/>
			<metrics loc="525" ncloc="289" classes="1" methods="26" coveredmethods="2" conditionals="0" coveredconditionals="0" statements="146" coveredstatements="15" elements="172" coveredelements="17"/>
		</file>
		<file name="/Applications/MAMP/htdocs/Celsius/cerberus/class/kirby.cache.php">
			<class name="cache" namespace="global" fullPackage="Cerberus" package="Cerberus">
				<metrics methods="8" coveredmethods="3" conditionals="0" coveredconditionals="0" statements="121" coveredstatements="31" elements="129" coveredelements="34"/>
			</class>
			<line num="46" type="method" name="init" crap="2" count="1"/>
			<line num="48" type="stmt" count="1"/>
			<line num="49" type="stmt" count="1"/>
			<line num="50" type="stmt" count="1"/>
			<line num="51" type="stmt" count="1"/>
			<line num="52" type="stmt" count="1"/>
			<line num="53" type="stmt" count="1"/>
			<line num="54" type="stmt" count="1"/>
			<line num="83" type="method" name="fetch" crap="120.03" count="1"/>
			<line num="85" type="stmt" count="1"/>
			<line num="86" type="stmt" count="1"/>
			<line num="88" type="stmt" count="1"/>
			<line num="89" type="stmt" count="1"/>
			<line num="90" type="stmt" count="1"/>
			<line num="91" type="stmt" count="1"/>
			<line num="92" type="stmt" count="1"/>
			<line num="95" type="stmt" count="1"/>
			<line num="96" type="stmt" count="1"/>
			<line num="97" type="stmt" count="0"/>
			<line num="98" type="stmt" count="0"/>
			<line num="100" type="stmt" count="0"/>
			<line num="102" type="stmt" count="0"/>
			<line num="103" type="stmt" count="0"/>
			<line num="104" type="stmt" count="0"/>
			<line num="105" type="stmt" count="0"/>
			<line num="108" type="stmt" count="1"/>
			<line num="109" type="stmt" count="1"/>
			<line num="111" type="stmt" count="1"/>
			<line num="113" type="stmt" count="1"/>
			<line num="114" type="stmt" count="0"/>
			<line num="115" type="stmt" count="0"/>
			<line num="118" type="stmt" count="0"/>
			<line num="119" type="stmt" count="0"/>
			<line num="120" type="stmt" count="0"/>
			<line num="122" type="stmt" count="0"/>
			<line num="123" type="stmt" count="0"/>
			<line num="124" type="stmt" count="0"/>
			<line num="127" type="stmt" count="1"/>
			<line num="128" type="stmt" count="1"/>
			<line num="131" type="stmt" count="1"/>
			<line num="132" type="stmt" count="1"/>
			<line num="133" type="stmt" count="0"/>
			<line num="134" type="stmt" count="0"/>
			<line num="135" type="stmt" count="0"/>
			<line num="136" type="stmt" count="0"/>
			<line num="137" type="stmt" count="0"/>
			<line num="139" type="stmt" count="0"/>
			<line num="140" type="stmt" count="0"/>
			<line num="142" type="stmt" count="1"/>
			<line num="144" type="stmt" count="0"/>
			<line num="145" type="stmt" count="0"/>
			<line num="146" type="stmt" count="0"/>
			<line num="148" type="stmt" count="1"/>
			<line num="158" type="method" name="page" crap="2" count="0"/>
			<line num="160" type="stmt" count="0"/>
			<line num="161" type="stmt" count="0"/>
			<line num="170" type="method" name="save" crap="12" count="0"/>
			<line num="172" type="stmt" count="0"/>
			<line num="173" type="stmt" count="0"/>
			<line num="174" type="stmt" count="0"/>
			<line num="175" type="stmt" count="0"/>
			<line num="176" type="stmt" count="0"/>
			<line num="178" type="stmt" count="0"/>
			<line num="179" type="stmt" count="0"/>
			<line num="180" type="stmt" count="0"/>
			<line num="181" type="stmt" count="0"/>
			<line num="191" type="method" name="search" crap="4" count="1"/>
			<line num="193" type="stmt" count="1"/>
			<line num="194" type="stmt" count="1"/>
			<line num="196" type="stmt" count="1"/>
			<line num="197" type="stmt" count="1"/>
			<line num="198" type="stmt" count="1"/>
			<line num="208" type="method" name="delete" crap="30" count="0"/>
			<line num="210" type="stmt" count="0"/>
			<line num="211" type="stmt" count="0"/>
			<line num="213" type="stmt" count="0"/>
			<line num="214" type="stmt" count="0"/>
			<line num="215" type="stmt" count="0"/>
			<line num="216" type="stmt" count="0"/>
			<line num="221" type="method" name="purge" crap="20" count="0"/>
			<line num="225" type="stmt" count="0"/>
			<line num="226" type="stmt" count="0"/>
			<line num="227" type="stmt" count="0"/>
			<line num="228" type="stmt" count="0"/>
			<line num="229" type="stmt" count="0"/>
			<line num="230" type="stmt" count="0"/>
			<line num="231" type="stmt" count="0"/>
			<line num="233" type="stmt" count="0"/>
			<line num="236" type="stmt" count="0"/>
			<line num="237" type="stmt" count="0"/>
			<line num="240" type="stmt" count="0"/>
			<line num="241" type="stmt" count="0"/>
			<line num="242" type="stmt" count="0"/>
			<line num="243" type="stmt" count="0"/>
			<line num="253" type="method" name="manifest" crap="272" count="0"/>
			<line num="255" type="stmt" count="0"/>
			<line num="256" type="stmt" count="0"/>
			<line num="257" type="stmt" count="0"/>
			<line num="260" type="stmt" count="0"/>
			<line num="261" type="stmt" count="0"/>
			<line num="262" type="stmt" count="0"/>
			<line num="264" type="stmt" count="0"/>
			<line num="265" type="stmt" count="0"/>
			<line num="266" type="stmt" count="0"/>
			<line num="267" type="stmt" count="0"/>
			<line num="268" type="stmt" count="0"/>
			<line num="270" type="stmt" count="0"/>
			<line num="271" type="stmt" count="0"/>
			<line num="272" type="stmt" count="0"/>
			<line num="275" type="stmt" count="0"/>
			<line num="276" type="stmt" count="0"/>
			<line num="277" type="stmt" count="0"/>
			<line num="278" type="stmt" count="0"/>
			<line num="281" type="stmt" count="0"/>
			<line num="282" type="stmt" count="0"/>
			<line num="283" type="stmt" count="0"/>
			<line num="285" type="stmt" count="0"/>
			<line num="286" type="stmt" count="0"/>
			<line num="287" type="stmt" count="0"/>
			<line num="290" type="stmt" count="0"/>
			<line num="291" type="stmt" count="0"/>
			<line num="292" type="stmt" count="0"/>
			<line num="296" type="stmt" count="0"/>
			<line num="297" type="stmt" count="0"/>
			<line num="298" type="stmt" count="0"/>
			<line num="299" type="stmt" count="0"/>
			<line num="300" type="stmt" count="0"/>
			<line num="302" type="stmt" count="0"/>
			<line num="304" type="stmt" count="0"/>
			<line num="306" type="stmt" count="1"/>
			<metrics loc="305" ncloc="181" classes="1" methods="8" coveredmethods="2" conditionals="0" coveredconditionals="0" statements="121" coveredstatements="31" elements="129" coveredelements="33"/>
		</file>
		<file name="/Applications/MAMP/htdocs/Celsius/cerberus/class/kirby.config.php">
			<class name="config" namespace="global" fullPackage="Kirby" package="Kirby">
				<metrics methods="7" coveredmethods="7" conditionals="0" coveredconditionals="0" statements="30" coveredstatements="30" elements="37" coveredelements="37"/>
			</class>
			<line num="70" type="method" name="__construct" crap="2" count="10"/>
			<line num="73" type="stmt" count="10"/>
			<line num="76" type="stmt" count="10"/>
			<line num="77" type="stmt" count="10"/>
			<line num="78" type="stmt" count="10"/>
			<line num="87" type="method" name="get" crap="2" count="11"/>
			<line num="89" type="stmt" count="11"/>
			<line num="90" type="stmt" count="9"/>
			<line num="99" type="method" name="set" crap="2" count="10"/>
			<line num="101" type="stmt" count="10"/>
			<line num="102" type="stmt" count="3"/>
			<line num="103" type="stmt" count="10"/>
			<line num="111" type="method" name="change" crap="3" count="2"/>
			<line num="113" type="stmt" count="2"/>
			<line num="114" type="stmt" count="2"/>
			<line num="115" type="stmt" count="1"/>
			<line num="116" type="stmt" count="2"/>
			<line num="125" type="method" name="load" crap="3" count="3"/>
			<line num="127" type="stmt" count="3"/>
			<line num="128" type="stmt" count="3"/>
			<line num="129" type="stmt" count="3"/>
			<line num="140" type="method" name="hardcode" crap="1" count="1"/>
			<line num="143" type="stmt" count="1"/>
			<line num="146" type="stmt" count="1"/>
			<line num="147" type="stmt" count="1"/>
			<line num="150" type="stmt" count="1"/>
			<line num="151" type="stmt" count="1"/>
			<line num="162" type="method" name="mysql" crap="8" count="1"/>
			<line num="170" type="stmt" count="1"/>
			<line num="173" type="stmt" count="1"/>
			<line num="174" type="stmt" count="1"/>
			<line num="175" type="stmt" count="1"/>
			<line num="176" type="stmt" count="1"/>
			<line num="177" type="stmt" count="1"/>
			<line num="178" type="stmt" count="1"/>
			<line num="179" type="stmt" count="1"/>
			<line num="180" type="stmt" count="1"/>
			<metrics loc="181" ncloc="93" classes="1" methods="7" coveredmethods="7" conditionals="0" coveredconditionals="0" statements="30" coveredstatements="30" elements="37" coveredelements="37"/>
		</file>
		<file name="/Applications/MAMP/htdocs/Celsius/cerberus/class/kirby.content.php">
			<class name="content" namespace="global" fullPackage="Kirby" package="Kirby">
				<metrics methods="5" coveredmethods="5" conditionals="0" coveredconditionals="0" statements="29" coveredstatements="27" elements="34" coveredelements="32"/>
			</class>
			<line num="17" type="method" name="start" crap="1" count="9"/>
			<line num="19" type="stmt" count="9"/>
			<line num="20" type="stmt" count="9"/>
			<line num="28" type="method" name="end" crap="2" count="8"/>
			<line num="31" type="stmt" count="8"/>
			<line num="32" type="stmt" count="5"/>
			<line num="33" type="stmt" count="5"/>
			<line num="35" type="stmt" count="3"/>
			<line num="36" type="stmt" count="3"/>
			<line num="43" type="method" name="get" crap="1" count="2"/>
			<line num="45" type="stmt" count="2"/>
			<line num="55" type="method" name="load" crap="3.21" count="1"/>
			<line num="57" type="stmt" count="1"/>
			<line num="59" type="stmt" count="1"/>
			<line num="60" type="stmt" count="1"/>
			<line num="61" type="stmt" count="1"/>
			<line num="63" type="stmt" count="1"/>
			<line num="64" type="stmt" count="0"/>
			<line num="65" type="stmt" count="0"/>
			<line num="73" type="method" name="type" crap="1" count="1"/>
			<line num="75" type="stmt" count="1"/>
			<line num="79" type="stmt" count="1"/>
			<line num="80" type="stmt" count="1"/>
			<line num="81" type="stmt" count="1"/>
			<line num="82" type="stmt" count="1"/>
			<line num="83" type="stmt" count="1"/>
			<line num="84" type="stmt" count="1"/>
			<line num="86" type="stmt" count="1"/>
			<line num="88" type="stmt" count="1"/>
			<line num="89" type="stmt" count="1"/>
			<line num="90" type="stmt" count="1"/>
			<line num="92" type="stmt" count="1"/>
			<line num="93" type="stmt" count="1"/>
			<line num="95" type="stmt" count="1"/>
			<line num="98" type="stmt" count="1"/>
			<metrics loc="97" ncloc="58" classes="1" methods="5" coveredmethods="4" conditionals="0" coveredconditionals="0" statements="29" coveredstatements="27" elements="34" coveredelements="31"/>
		</file>
		<file name="/Applications/MAMP/htdocs/Celsius/cerberus/class/kirby.cookie.php">
			<class name="cookie" namespace="global" fullPackage="Kirby" package="Kirby">
				<metrics methods="3" coveredmethods="3" conditionals="0" coveredconditionals="0" statements="6" coveredstatements="6" elements="9" coveredelements="9"/>
			</class>
			<line num="21" type="method" name="set" crap="2" count="3"/>
			<line num="24" type="stmt" count="3"/>
			<line num="26" type="stmt" count="3"/>
			<line num="27" type="stmt" count="3"/>
			<line num="37" type="method" name="get" crap="1" count="1"/>
			<line num="39" type="stmt" count="1"/>
			<line num="49" type="method" name="remove" crap="1" count="3"/>
			<line num="51" type="stmt" count="3"/>
			<line num="52" type="stmt" count="3"/>
			<line num="55" type="stmt" count="1"/>
			<metrics loc="54" ncloc="21" classes="1" methods="3" coveredmethods="3" conditionals="0" coveredconditionals="0" statements="6" coveredstatements="6" elements="9" coveredelements="9"/>
		</file>
		<file name="/Applications/MAMP/htdocs/Celsius/cerberus/class/kirby.dir.php">
			<class name="dir" namespace="global">
				<metrics methods="11" coveredmethods="9" conditionals="0" coveredconditionals="0" statements="81" coveredstatements="62" elements="92" coveredelements="71"/>
			</class>
			<line num="13" type="method" name="make" crap="8" count="6"/>
			<line num="18" type="stmt" count="6"/>
			<line num="20" type="stmt" count="6"/>
			<line num="21" type="stmt" count="6"/>
			<line num="24" type="stmt" count="6"/>
			<line num="25" type="stmt" count="6"/>
			<line num="26" type="stmt" count="6"/>
			<line num="28" type="stmt" count="6"/>
			<line num="31" type="stmt" count="6"/>
			<line num="34" type="stmt" count="6"/>
			<line num="35" type="stmt" count="6"/>
			<line num="36" type="stmt" count="6"/>
			<line num="42" type="stmt" count="6"/>
			<line num="47" type="stmt" count="6"/>
			<line num="48" type="stmt" count="6"/>
			<line num="50" type="stmt" count="6"/>
			<line num="52" type="stmt" count="6"/>
			<line num="62" type="method" name="read" crap="2" count="3"/>
			<line num="64" type="stmt" count="3"/>
			<line num="67" type="stmt" count="3"/>
			<line num="70" type="stmt" count="3"/>
			<line num="79" type="method" name="inspect" crap="4" count="2"/>
			<line num="81" type="stmt" count="2"/>
			<line num="85" type="stmt" count="2"/>
			<line num="86" type="stmt" count="2"/>
			<line num="87" type="stmt" count="2"/>
			<line num="88" type="stmt" count="2"/>
			<line num="89" type="stmt" count="2"/>
			<line num="92" type="stmt" count="2"/>
			<line num="93" type="stmt" count="2"/>
			<line num="95" type="stmt" count="2"/>
			<line num="96" type="stmt" count="1"/>
			<line num="97" type="stmt" count="2"/>
			<line num="99" type="stmt" count="2"/>
			<line num="109" type="method" name="rename" crap="3" count="1"/>
			<line num="111" type="stmt" count="1"/>
			<line num="113" type="stmt" count="1"/>
			<line num="123" type="method" name="move" crap="4" count="1"/>
			<line num="125" type="stmt" count="1"/>
			<line num="127" type="stmt" count="1"/>
			<line num="128" type="stmt" count="1"/>
			<line num="131" type="stmt" count="1"/>
			<line num="132" type="stmt" count="1"/>
			<line num="142" type="method" name="remove" crap="8" count="2"/>
			<line num="144" type="stmt" count="2"/>
			<line num="146" type="stmt" count="2"/>
			<line num="147" type="stmt" count="2"/>
			<line num="149" type="stmt" count="2"/>
			<line num="151" type="stmt" count="2"/>
			<line num="153" type="stmt" count="2"/>
			<line num="154" type="stmt" count="2"/>
			<line num="156" type="stmt" count="2"/>
			<line num="157" type="stmt" count="2"/>
			<line num="158" type="stmt" count="2"/>
			<line num="160" type="stmt" count="2"/>
			<line num="161" type="stmt" count="2"/>
			<line num="162" type="stmt" count="1"/>
			<line num="171" type="method" name="clean" crap="1" count="1"/>
			<line num="173" type="stmt" count="1"/>
			<line num="184" type="method" name="size" crap="72" count="0"/>
			<line num="186" type="stmt" count="0"/>
			<line num="187" type="stmt" count="0"/>
			<line num="188" type="stmt" count="0"/>
			<line num="190" type="stmt" count="0"/>
			<line num="192" type="stmt" count="0"/>
			<line num="193" type="stmt" count="0"/>
			<line num="195" type="stmt" count="0"/>
			<line num="196" type="stmt" count="0"/>
			<line num="197" type="stmt" count="0"/>
			<line num="198" type="stmt" count="0"/>
			<line num="199" type="stmt" count="0"/>
			<line num="210" type="method" name="modified" crap="20" count="0"/>
			<line num="212" type="stmt" count="0"/>
			<line num="213" type="stmt" count="0"/>
			<line num="215" type="stmt" count="0"/>
			<line num="217" type="stmt" count="0"/>
			<line num="218" type="stmt" count="0"/>
			<line num="219" type="stmt" count="0"/>
			<line num="220" type="stmt" count="0"/>
			<line num="221" type="stmt" count="0"/>
			<line num="230" type="method" name="last" crap="3" count="4"/>
			<line num="233" type="stmt" count="4"/>
			<line num="234" type="stmt" count="4"/>
			<line num="237" type="stmt" count="4"/>
			<line num="238" type="stmt" count="4"/>
			<line num="239" type="stmt" count="4"/>
			<line num="241" type="stmt" count="4"/>
			<line num="250" type="method" name="explode" crap="2" count="6"/>
			<line num="252" type="stmt" count="6"/>
			<line num="253" type="stmt" count="6"/>
			<line num="254" type="stmt" count="6"/>
			<line num="256" type="stmt" count="6"/>
			<line num="259" type="stmt" count="1"/>
			<metrics loc="258" ncloc="149" classes="1" methods="11" coveredmethods="9" conditionals="0" coveredconditionals="0" statements="81" coveredstatements="62" elements="92" coveredelements="71"/>
		</file>
		<file name="/Applications/MAMP/htdocs/Celsius/cerberus/class/kirby.file.php">
			<class name="f" namespace="global" fullPackage="Kirby" package="Kirby">
				<metrics methods="18" coveredmethods="6" conditionals="0" coveredconditionals="0" statements="82" coveredstatements="27" elements="100" coveredelements="33"/>
			</class>
			<line num="25" type="method" name="create" crap="1" count="2"/>
			<line num="27" type="stmt" count="2"/>
			<line num="39" type="method" name="write" crap="10.37" count="7"/>
			<line num="42" type="stmt" count="7"/>
			<line num="43" type="stmt" count="7"/>
			<line num="44" type="stmt" count="7"/>
			<line num="45" type="stmt" count="0"/>
			<line num="46" type="stmt" count="0"/>
			<line num="47" type="stmt" count="0"/>
			<line num="48" type="stmt" count="0"/>
			<line num="52" type="stmt" count="7"/>
			<line num="53" type="stmt" count="7"/>
			<line num="54" type="stmt" count="7"/>
			<line num="55" type="stmt" count="7"/>
			<line num="58" type="stmt" count="7"/>
			<line num="61" type="stmt" count="7"/>
			<line num="63" type="stmt" count="7"/>
[...]
			<line num="389" type="stmt" count="0"/>
			<line num="390" type="stmt" count="0"/>
			<line num="391" type="stmt" count="2"/>
			<line num="392" type="stmt" count="2"/>
			<line num="394" type="stmt" count="4"/>
			<line num="397" type="stmt" count="1"/>
			<line num="398" type="stmt" count="1"/>
			<line num="399" type="stmt" count="1"/>
			<line num="400" type="stmt" count="1"/>
			<line num="401" type="stmt" count="1"/>
			<line num="402" type="stmt" count="1"/>
			<line num="403" type="stmt" count="4"/>
			<line num="414" type="method" name="link" crap="6" count="1"/>
			<line num="416" type="stmt" count="1"/>
			<line num="417" type="stmt" count="1"/>
			<line num="420" type="stmt" count="1"/>
			<line num="421" type="stmt" count="1"/>
			<line num="422" type="stmt" count="1"/>
			<line num="423" type="stmt" count="1"/>
			<line num="425" type="stmt" count="1"/>
			<line num="426" type="stmt" count="1"/>
			<line num="427" type="stmt" count="1"/>
			<line num="428" type="stmt" count="1"/>
			<line num="432" type="method" name="slink" crap="2" count="1"/>
			<line num="434" type="stmt" count="1"/>
			<line num="435" type="stmt" count="1"/>
			<line num="436" type="stmt" count="1"/>
			<line num="438" type="stmt" count="1"/>
			<line num="439" type="stmt" count="1"/>
			<line num="443" type="method" name="random" crap="12" count="0"/>
			<line num="445" type="stmt" count="0"/>
			<line num="446" type="stmt" count="0"/>
			<line num="447" type="stmt" count="0"/>
			<line num="448" type="stmt" count="0"/>
			<line num="450" type="stmt" count="0"/>
			<line num="451" type="stmt" count="0"/>
			<line num="453" type="stmt" count="0"/>
			<line num="454" type="stmt" count="0"/>
			<line num="455" type="stmt" count="0"/>
			<line num="456" type="stmt" count="0"/>
			<line num="460" type="method" name="email" crap="30" count="0"/>
			<line num="462" type="stmt" count="0"/>
			<line num="463" type="stmt" count="0"/>
			<line num="464" type="stmt" count="0"/>
			<line num="465" type="stmt" count="0"/>
			<line num="467" type="stmt" count="0"/>
			<line num="468" type="stmt" count="0"/>
			<line num="470" type="stmt" count="0"/>
			<line num="474" type="method" name="accents" crap="30" count="0"/>
			<line num="477" type="stmt" count="0"/>
			<line num="478" type="stmt" count="0"/>
			<line num="479" type="stmt" count="0"/>
			<line num="480" type="stmt" count="0"/>
			<line num="481" type="stmt" count="0"/>
			<line num="482" type="stmt" count="0"/>
			<line num="483" type="stmt" count="0"/>
			<line num="484" type="stmt" count="0"/>
			<line num="485" type="stmt" count="0"/>
			<line num="486" type="stmt" count="0"/>
			<line num="487" type="stmt" count="0"/>
			<line num="488" type="stmt" count="0"/>
			<line num="489" type="stmt" count="0"/>
			<line num="490" type="stmt" count="0"/>
			<line num="491" type="stmt" count="0"/>
			<line num="492" type="stmt" count="0"/>
			<line num="493" type="stmt" count="0"/>
			<line num="494" type="stmt" count="0"/>
			<line num="495" type="stmt" count="0"/>
			<line num="496" type="stmt" count="0"/>
			<line num="497" type="stmt" count="0"/>
			<line num="498" type="stmt" count="0"/>
			<line num="499" type="stmt" count="0"/>
			<line num="500" type="stmt" count="0"/>
			<line num="501" type="stmt" count="0"/>
			<line num="502" type="stmt" count="0"/>
			<line num="503" type="stmt" count="0"/>
			<line num="504" type="stmt" count="0"/>
			<line num="505" type="stmt" count="0"/>
			<line num="506" type="stmt" count="0"/>
			<line num="507" type="stmt" count="0"/>
			<line num="508" type="stmt" count="0"/>
			<line num="509" type="stmt" count="0"/>
			<line num="510" type="stmt" count="0"/>
			<line num="511" type="stmt" count="0"/>
			<line num="512" type="stmt" count="0"/>
			<line num="513" type="stmt" count="0"/>
			<line num="514" type="stmt" count="0"/>
			<line num="515" type="stmt" count="0"/>
			<line num="516" type="stmt" count="0"/>
			<line num="517" type="stmt" count="0"/>
			<line num="518" type="stmt" count="0"/>
			<line num="519" type="stmt" count="0"/>
			<line num="520" type="stmt" count="0"/>
			<line num="521" type="stmt" count="0"/>
			<line num="522" type="stmt" count="0"/>
			<line num="523" type="stmt" count="0"/>
			<line num="524" type="stmt" count="0"/>
			<line num="525" type="stmt" count="0"/>
			<line num="526" type="stmt" count="0"/>
			<line num="528" type="stmt" count="0"/>
			<line num="531" type="stmt" count="0"/>
			<line num="532" type="stmt" count="0"/>
			<line num="533" type="stmt" count="0"/>
			<line num="535" type="stmt" count="0"/>
			<line num="545" type="method" name="alert" crap="2" count="0"/>
			<line num="547" type="stmt" count="0"/>
			<line num="551" type="method" name="display" crap="2" count="0"/>
			<line num="553" type="stmt" count="0"/>
			<line num="554" type="stmt" count="0"/>
			<line num="555" type="method" name="translate" crap="2" count="0"/>
			<line num="557" type="stmt" count="0"/>
			<line num="558" type="stmt" count="0"/>
			<line num="561" type="method" name="status" crap="12" count="0"/>
			<line num="563" type="stmt" count="0"/>
			<line num="564" type="stmt" count="0"/>
			<line num="565" type="stmt" count="0"/>
			<line num="566" type="stmt" count="0"/>
			<line num="575" type="method" name="utf8" crap="6" count="0"/>
			<line num="577" type="stmt" count="0"/>
			<line num="578" type="stmt" count="0"/>
			<line num="582" type="method" name="substr" crap="6" count="0"/>
			<line num="584" type="stmt" count="0"/>
			<line num="588" type="method" name="ucwords" crap="2" count="0"/>
			<line num="590" type="stmt" count="0"/>
			<line num="594" type="method" name="ucfirst" crap="2" count="0"/>
			<line num="596" type="stmt" count="0"/>
			<line num="600" type="method" name="lower" crap="1" count="1"/>
			<line num="602" type="stmt" count="1"/>
			<line num="606" type="method" name="upper" crap="1" count="1"/>
			<line num="608" type="stmt" count="1"/>
			<line num="612" type="method" name="length" crap="1" count="12"/>
			<line num="614" type="stmt" count="12"/>
			<line num="624" type="method" name="xml" crap="6" count="0"/>
			<line num="627" type="stmt" count="0"/>
			<line num="630" type="stmt" count="0"/>
			<line num="634" type="method" name="unxml" crap="2" count="0"/>
			<line num="637" type="stmt" count="0"/>
			<line num="640" type="stmt" count="0"/>
			<line num="644" type="method" name="html" crap="2.00" count="1"/>
			<line num="647" type="stmt" count="1"/>
			<line num="649" type="stmt" count="1"/>
			<line num="650" type="stmt" count="1"/>
			<line num="651" type="stmt" count="1"/>
			<line num="652" type="stmt" count="1"/>
			<line num="653" type="stmt" count="1"/>
			<line num="654" type="stmt" count="1"/>
			<line num="655" type="stmt" count="1"/>
			<line num="656" type="stmt" count="1"/>
			<line num="657" type="stmt" count="1"/>
			<line num="658" type="stmt" count="1"/>
			<line num="660" type="stmt" count="0"/>
			<line num="664" type="method" name="unhtml" crap="1" count="1"/>
			<line num="666" type="stmt" count="1"/>
			<line num="667" type="stmt" count="1"/>
			<line num="671" type="method" name="encode" crap="12" count="0"/>
			<line num="673" type="stmt" count="0"/>
			<line num="674" type="stmt" count="0"/>
			<line num="675" type="stmt" count="0"/>
			<line num="676" type="stmt" count="0"/>
			<line num="678" type="stmt" count="0"/>
			<line num="682" type="method" name="short" crap="12" count="0"/>
			<line num="684" type="stmt" count="0"/>
			<line num="685" type="stmt" count="0"/>
			<line num="686" type="stmt" count="0"/>
			<line num="687" type="stmt" count="0"/>
			<line num="688" type="stmt" count="0"/>
			<line num="692" type="method" name="shorturl" crap="2" count="0"/>
			<line num="694" type="stmt" count="0"/>
			<line num="698" type="method" name="contains" crap="2" count="0"/>
			<line num="700" type="stmt" count="0"/>
			<line num="705" type="method" name="match" crap="12" count="0"/>
			<line num="707" type="stmt" count="0"/>
			<line num="708" type="stmt" count="0"/>
			<line num="709" type="stmt" count="0"/>
			<line num="710" type="stmt" count="0"/>
			<line num="714" type="method" name="stripslashes" crap="12" count="0"/>
			<line num="716" type="stmt" count="0"/>
			<line num="717" type="stmt" count="0"/>
			<line num="721" type="method" name="entities" crap="2" count="0"/>
			<line num="724" type="stmt" count="0"/>
			<line num="725" type="stmt" count="0"/>
			<line num="726" type="stmt" count="0"/>
			<line num="727" type="stmt" count="0"/>
			<line num="728" type="stmt" count="0"/>
			<line num="729" type="stmt" count="0"/>
			<line num="730" type="stmt" count="0"/>
			<line num="731" type="stmt" count="0"/>
			<line num="732" type="stmt" count="0"/>
			<line num="733" type="stmt" count="0"/>
			<line num="734" type="stmt" count="0"/>
			<line num="735" type="stmt" count="0"/>
			<line num="736" type="stmt" count="0"/>
			<line num="737" type="stmt" count="0"/>
			<line num="738" type="stmt" count="0"/>
			<line num="739" type="stmt" count="0"/>
			<line num="740" type="stmt" count="0"/>
			<line num="741" type="stmt" count="0"/>
			<line num="742" type="stmt" count="0"/>
			<line num="743" type="stmt" count="0"/>
			<line num="744" type="stmt" count="0"/>
			<line num="745" type="stmt" count="0"/>
			<line num="746" type="stmt" count="0"/>
			<line num="747" type="stmt" count="0"/>
			<line num="748" type="stmt" count="0"/>
			<line num="749" type="stmt" count="0"/>
			<line num="750" type="stmt" count="0"/>
			<line num="751" type="stmt" count="0"/>
			<line num="752" type="stmt" count="0"/>
			<line num="753" type="stmt" count="0"/>
			<line num="754" type="stmt" count="0"/>
			<line num="755" type="stmt" count="0"/>
			<line num="756" type="stmt" count="0"/>
			<metrics loc="758" ncloc="619" classes="1" methods="43" coveredmethods="9" conditionals="0" coveredconditionals="0" statements="386" coveredstatements="106" elements="429" coveredelements="115"/>
		</file>
		<file name="/Applications/MAMP/htdocs/Celsius/cerberus/class/kirby.url.php">
			<class name="url" namespace="global" fullPackage="Kirby" package="Kirby">
				<metrics methods="12" coveredmethods="2" conditionals="0" coveredconditionals="0" statements="112" coveredstatements="45" elements="124" coveredelements="47"/>
			</class>
			<line num="20" type="method" name="current" crap="12" count="0"/>
			<line num="22" type="stmt" count="0"/>
			<line num="23" type="stmt" count="0"/>
			<line num="25" type="stmt" count="0"/>
			<line num="33" type="method" name="domain" crap="6" count="0"/>
			<line num="35" type="stmt" count="0"/>
			<line num="36" type="stmt" count="0"/>
			<line num="37" type="stmt" count="0"/>
			<line num="39" type="stmt" count="0"/>
			<line num="48" type="method" name="has_query" crap="2" count="0"/>
			<line num="50" type="stmt" count="0"/>
			<line num="59" type="method" name="get_hash" crap="6" count="0"/>
			<line num="61" type="stmt" count="0"/>
			<line num="62" type="stmt" count="0"/>
			<line num="64" type="stmt" count="0"/>
			<line num="73" type="method" name="valid" crap="2" count="0"/>
			<line num="75" type="stmt" count="0"/>
			<line num="93" type="method" name="short" crap="20" count="0"/>
			<line num="95" type="stmt" count="0"/>
			<line num="96" type="stmt" count="0"/>
			<line num="97" type="stmt" count="0"/>
			<line num="98" type="stmt" count="0"/>
			<line num="99" type="stmt" count="0"/>
			<line num="102" type="stmt" count="0"/>
			<line num="103" type="stmt" count="0"/>
			<line num="104" type="stmt" count="0"/>
			<line num="105" type="stmt" count="0"/>
			<line num="106" type="stmt" count="0"/>
			<line num="115" type="method" name="strip_query" crap="2" count="0"/>
			<line num="117" type="stmt" count="0"/>
			<line num="126" type="method" name="strip_hash" crap="1" count="1"/>
			<line num="128" type="stmt" count="1"/>
			<line num="139" type="method" name="http" crap="2" count="0"/>
			<line num="141" type="stmt" count="0"/>
			<line num="154" type="method" name="go" crap="42" count="0"/>
			<line num="156" type="stmt" count="0"/>
			<line num="159" type="stmt" count="0"/>
			<line num="162" type="stmt" count="0"/>
			<line num="163" type="stmt" count="0"/>
			<line num="164" type="stmt" count="0"/>
			<line num="166" type="stmt" count="0"/>
			<line num="167" type="stmt" count="0"/>
			<line num="168" type="stmt" count="0"/>
			<line num="170" type="stmt" count="0"/>
			<line num="171" type="stmt" count="0"/>
			<line num="172" type="stmt" count="0"/>
			<line num="174" type="stmt" count="0"/>
			<line num="176" type="stmt" count="0"/>
			<line num="177" type="stmt" count="0"/>
			<line num="189" type="method" name="reload" crap="12" count="0"/>
			<line num="191" type="stmt" count="0"/>
			<line num="192" type="stmt" count="0"/>
			<line num="193" type="stmt" count="0"/>
			<line num="194" type="stmt" count="0"/>
			<line num="195" type="stmt" count="0"/>
			<line num="196" type="stmt" count="0"/>
			<line num="212" type="method" name="rewrite" crap="59.72" count="1"/>
			<line num="215" type="stmt" count="1"/>
			<line num="216" type="stmt" count="1"/>
			<line num="218" type="stmt" count="0"/>
			<line num="221" type="stmt" count="0"/>
			<line num="222" type="stmt" count="0"/>
			<line num="224" type="stmt" count="0"/>
			<line num="227" type="stmt" count="0"/>
			<line num="228" type="stmt" count="0"/>
			<line num="229" type="stmt" count="0"/>
			<line num="230" type="stmt" count="0"/>
			<line num="235" type="stmt" count="1"/>
			<line num="236" type="stmt" count="1"/>
			<line num="237" type="stmt" count="1"/>
			<line num="240" type="stmt" count="1"/>
			<line num="243" type="stmt" count="1"/>
			<line num="246" type="stmt" count="1"/>
			<line num="249" type="stmt" count="1"/>
			<line num="250" type="stmt" count="1"/>
			<line num="251" type="stmt" count="1"/>
			<line num="253" type="stmt" count="1"/>
			<line num="254" type="stmt" count="1"/>
			<line num="255" type="stmt" count="1"/>
			<line num="258" type="stmt" count="1"/>
			<line num="259" type="stmt" count="1"/>
			<line num="260" type="stmt" count="0"/>
			<line num="261" type="stmt" count="0"/>
			<line num="262" type="stmt" count="0"/>
			<line num="266" type="stmt" count="1"/>
			<line num="269" type="stmt" count="1"/>
			<line num="271" type="stmt" count="1"/>
			<line num="272" type="stmt" count="0"/>
			<line num="273" type="stmt" count="0"/>
			<line num="274" type="stmt" count="0"/>
			<line num="277" type="stmt" count="1"/>
			<line num="278" type="stmt" count="1"/>
			<line num="279" type="stmt" count="0"/>
			<line num="280" type="stmt" count="0"/>
			<line num="281" type="stmt" count="0"/>
			<line num="282" type="stmt" count="0"/>
			<line num="283" type="stmt" count="0"/>
			<line num="284" type="stmt" count="0"/>
			<line num="286" type="stmt" count="0"/>
			<line num="287" type="stmt" count="0"/>
			<line num="293" type="stmt" count="1"/>
			<line num="294" type="stmt" count="1"/>
			<line num="295" type="stmt" count="1"/>
			<line num="298" type="stmt" count="1"/>
			<line num="299" type="stmt" count="1"/>
			<line num="300" type="stmt" count="1"/>
			<line num="301" type="stmt" count="1"/>
			<line num="302" type="stmt" count="1"/>
			<line num="303" type="stmt" count="1"/>
			<line num="304" type="stmt" count="1"/>
			<line num="305" type="stmt" count="0"/>
			<line num="307" type="stmt" count="1"/>
			<line num="310" type="stmt" count="1"/>
			<line num="314" type="stmt" count="1"/>
			<line num="317" type="stmt" count="1"/>
			<line num="318" type="stmt" count="1"/>
			<line num="319" type="stmt" count="1"/>
			<line num="321" type="stmt" count="1"/>
			<line num="322" type="stmt" count="1"/>
			<line num="323" type="stmt" count="1"/>
			<line num="324" type="stmt" count="1"/>
			<line num="325" type="stmt" count="1"/>
			<line num="329" type="stmt" count="1"/>
			<line num="331" type="stmt" count="1"/>
			<line num="334" type="stmt" count="1"/>
			<metrics loc="333" ncloc="173" classes="1" methods="12" coveredmethods="1" conditionals="0" coveredconditionals="0" statements="112" coveredstatements="45" elements="124" coveredelements="46"/>
		</file>
		<file name="/Applications/MAMP/htdocs/Celsius/cerberus/class/kirby.valid.php">
			<class name="valid" namespace="global" fullPackage="Kirby" package="Kirby">
				<metrics methods="8" coveredmethods="8" conditionals="0" coveredconditionals="0" statements="40" coveredstatements="40" elements="48" coveredelements="48"/>
			</class>
			<line num="19" type="method" name="check" crap="13" count="31"/>
			<line num="24" type="stmt" count="31"/>
			<line num="25" type="stmt" count="2"/>
			<line num="28" type="stmt" count="29"/>
			<line num="29" type="stmt" count="12"/>
			<line num="32" type="stmt" count="17"/>
			<line num="33" type="stmt" count="6"/>
			<line num="36" type="stmt" count="11"/>
			<line num="37" type="stmt" count="11"/>
			<line num="38" type="stmt" count="11"/>
			<line num="39" type="stmt" count="5"/>
			<line num="42" type="stmt" count="6"/>
			<line num="43" type="stmt" count="6"/>
			<line num="44" type="stmt" count="4"/>
			<line num="47" type="stmt" count="2"/>
			<line num="48" type="stmt" count="2"/>
			<line num="50" type="stmt" count="2"/>
			<line num="60" type="method" name="string" crap="8" count="14"/>
			<line num="62" type="stmt" count="14"/>
			<line num="64" type="stmt" count="14"/>
			<line num="66" type="stmt" count="14"/>
			<line num="67" type="stmt" count="14"/>
			<line num="69" type="stmt" count="14"/>
			<line num="70" type="stmt" count="11"/>
			<line num="71" type="stmt" count="10"/>
			<line num="73" type="stmt" count="10"/>
			<line num="86" type="method" name="password" crap="1" count="5"/>
			<line num="88" type="stmt" count="5"/>
			<line num="98" type="method" name="passwords" crap="3" count="3"/>
			<line num="101" type="stmt" count="3"/>
			<line num="102" type="stmt" count="2"/>
			<line num="103" type="stmt" count="3"/>
			<line num="112" type="method" name="date" crap="3" count="6"/>
			<line num="114" type="stmt" count="6"/>
			<line num="115" type="stmt" count="6"/>
			<line num="117" type="stmt" count="3"/>
			<line num="118" type="stmt" count="3"/>
			<line num="119" type="stmt" count="3"/>
			<line num="121" type="stmt" count="3"/>
			<line num="130" type="method" name="email" crap="2" count="6"/>
			<line num="132" type="stmt" count="6"/>
			<line num="133" type="stmt" count="6"/>
			<line num="142" type="method" name="url" crap="2" count="12"/>
			<line num="144" type="stmt" count="12"/>
			<line num="145" type="stmt" count="12"/>
			<line num="154" type="method" name="filename" crap="1" count="9"/>
			<line num="156" type="stmt" count="9"/>
			<line num="157" type="stmt" count="9"/>
			<line num="160" type="stmt" count="1"/>
			<metrics loc="159" ncloc="94" classes="1" methods="8" coveredmethods="8" conditionals="0" coveredconditionals="0" statements="40" coveredstatements="40" elements="48" coveredelements="48"/>
		</file>
		<file name="/Applications/MAMP/htdocs/Celsius/cerberus/tools/classloader.php">
			<line num="0" type="stmt" count="7"/>
			<line num="10" type="stmt" count="7"/>
			<line num="13" type="stmt" count="7"/>
			<line num="16" type="stmt" count="7"/>
			<line num="17" type="stmt" count="7"/>
			<line num="18" type="stmt" count="7"/>
			<line num="21" type="stmt" count="7"/>
			<line num="22" type="stmt" count="7"/>
			<line num="23" type="stmt" count="7"/>
			<line num="24" type="stmt" count="7"/>
			<metrics loc="24" ncloc="11" classes="0" methods="0" coveredmethods="0" conditionals="0" coveredconditionals="0" statements="9" coveredstatements="9" elements="9" coveredelements="9"/>
		</file>
		<metrics files="22" loc="6690" ncloc="3766" classes="21" methods="295" coveredmethods="88" conditionals="0" coveredconditionals="0" statements="2197" coveredstatements="554" elements="2492" coveredelements="642"/>
	</project>
</coverage>
